::1 - - [03/Jul/2022:08:01:51 +0000] "POST /api/v1/cvs/login HTTP/1.1" 200 1419 "-" "PostmanRuntime/7.29.0"
::1 - - [03/Jul/2022:08:02:01 +0000] "POST /api/v1/cvs/invoice/628c916ccd577a3d20192038 HTTP/1.1" 200 16 "-" "PostmanRuntime/7.29.0"
::1 - - [03/Jul/2022:08:14:36 +0000] "POST /api/v1/cvs/callbacks HTTP/1.1" 400 92 "-" "PostmanRuntime/7.29.0"
::1 - - [03/Jul/2022:08:19:08 +0000] "POST /api/v1/cvs/invoice/628c916ccd577a3d20192038 HTTP/1.1" 200 16 "-" "PostmanRuntime/7.29.0"
::1 - - [03/Jul/2022:08:19:33 +0000] "POST /api/v1/cvs/invoice/628c916ccd577a3d20192038 HTTP/1.1" 200 16 "-" "PostmanRuntime/7.29.0"
::1 - - [04/Jul/2022:05:55:54 +0000] "POST /api/v1/cvs/login HTTP/1.1" 200 1458 "-" "PostmanRuntime/7.29.0"
::1 - - [04/Jul/2022:05:56:03 +0000] "GET /api/v1/questionnaires/628c916ccd577a3d20192038 HTTP/1.1" 200 773 "-" "PostmanRuntime/7.29.0"
::1 - - [04/Jul/2022:05:56:28 +0000] "GET /api/v1/cvs HTTP/1.1" 200 9596 "-" "PostmanRuntime/7.29.0"
::1 - - [04/Jul/2022:05:56:51 +0000] "GET /api/v1/questionnaires/628626b1e27fe2937dff2b47 HTTP/1.1" 200 2148 "-" "PostmanRuntime/7.29.0"
::1 - - [04/Jul/2022:05:58:23 +0000] "PUT /api/v1/cvs/profile HTTP/1.1" 500 92 "-" "PostmanRuntime/7.29.0"
::1 - - [04/Jul/2022:05:58:29 +0000] "PUT /api/v1/cvs/profile HTTP/1.1" 500 92 "-" "PostmanRuntime/7.29.0"
::1 - - [04/Jul/2022:05:58:36 +0000] "PUT /api/v1/cvs/profile HTTP/1.1" 200 62 "-" "PostmanRuntime/7.29.0"
::1 - - [04/Jul/2022:05:58:51 +0000] "GET /api/v1/questionnaires/628c916ccd577a3d20192038 HTTP/1.1" 200 773 "-" "PostmanRuntime/7.29.0"
::1 - - [04/Jul/2022:05:59:34 +0000] "PUT /api/v1/cvs/profile HTTP/1.1" 200 62 "-" "PostmanRuntime/7.29.0"
::1 - - [04/Jul/2022:05:59:37 +0000] "GET /api/v1/questionnaires/628c916ccd577a3d20192038 HTTP/1.1" 200 822 "-" "PostmanRuntime/7.29.0"
::1 - - [04/Jul/2022:06:00:50 +0000] "GET /api/v1/questionnaires/628c916ccd577a3d20192038 HTTP/1.1" 200 822 "-" "PostmanRuntime/7.29.0"
::1 - - [04/Jul/2022:06:01:13 +0000] "GET /api/v1/questionnaires/628626b1e27fe2937dff2b47 HTTP/1.1" 200 2170 "-" "PostmanRuntime/7.29.0"
::1 - - [04/Jul/2022:06:01:30 +0000] "GET /api/v1/questionnaires/628626b1e27fe2937dff2b47 HTTP/1.1" 200 2170 "-" "PostmanRuntime/7.29.0"
::1 - - [04/Jul/2022:06:02:03 +0000] "GET /api/v1/questionnaires/628626b1e27fe2937dff2b47 HTTP/1.1" 500 90 "-" "PostmanRuntime/7.29.0"
::1 - - [04/Jul/2022:06:02:10 +0000] "GET /api/v1/questionnaires/628626b1e27fe2937dff2b47 HTTP/1.1" 200 2170 "-" "PostmanRuntime/7.29.0"
::1 - - [04/Jul/2022:06:07:29 +0000] "GET /api/v1/questionnaires/628626b1e27fe2937dff2b47 HTTP/1.1" 200 2266 "-" "PostmanRuntime/7.29.0"
::1 - - [04/Jul/2022:12:42:18 +0000] "POST /api/v1/categories HTTP/1.1" 200 118 "-" "PostmanRuntime/7.29.0"
::1 - - [04/Jul/2022:12:50:04 +0000] "GET /api/v1/occupations HTTP/1.1" 200 15018 "-" "PostmanRuntime/7.29.0"
::1 - - [04/Jul/2022:12:52:00 +0000] "GET /api/v1/categories HTTP/1.1" 200 3388 "-" "PostmanRuntime/7.29.0"
::1 - - [04/Jul/2022:12:52:25 +0000] "GET /api/v1/categories/62946d790a3f63eda8d27274/occupations HTTP/1.1" 200 112 "-" "PostmanRuntime/7.29.0"
::1 - - [04/Jul/2022:12:52:41 +0000] "GET /api/v1/categories/6290574b4be9675d77e52345/occupations HTTP/1.1" 200 1548 "-" "PostmanRuntime/7.29.0"
::1 - - [04/Jul/2022:12:53:44 +0000] "PUT /api/v1/categories/62946d790a3f63eda8d27274 HTTP/1.1" 200 127 "-" "PostmanRuntime/7.29.0"
::1 - - [04/Jul/2022:12:53:49 +0000] "GET /api/v1/categories HTTP/1.1" 200 3372 "-" "PostmanRuntime/7.29.0"
::1 - - [04/Jul/2022:13:04:02 +0000] "GET /api/v1/questionnaires/628626b2e27fe2937dff2b4f%0A HTTP/1.1" 500 326 "-" "PostmanRuntime/7.29.0"
::1 - - [04/Jul/2022:13:04:03 +0000] "GET /api/v1/questionnaires/628626b2e27fe2937dff2b4f%0A HTTP/1.1" 500 326 "-" "PostmanRuntime/7.29.0"
::1 - - [04/Jul/2022:13:04:32 +0000] "GET /api/v1/questionnaires/628626b2e27fe2937dff2b4f%0A HTTP/1.1" 500 326 "-" "PostmanRuntime/7.29.0"
::1 - - [04/Jul/2022:13:04:44 +0000] "GET /api/v1/cvs/628626b2e27fe2937dff2b4f%0A HTTP/1.1" 500 301 "-" "PostmanRuntime/7.29.0"
::1 - - [04/Jul/2022:13:06:24 +0000] "POST /api/v1/questionnaires%0A HTTP/1.1" 404 164 "-" "PostmanRuntime/7.29.0"
::1 - - [04/Jul/2022:13:06:31 +0000] "GET /api/v1/questionnaires%0A HTTP/1.1" 404 163 "-" "PostmanRuntime/7.29.0"
::1 - - [04/Jul/2022:13:06:46 +0000] "GET /api/v1/questionnaires HTTP/1.1" 200 11439 "-" "PostmanRuntime/7.29.0"
::1 - - [04/Jul/2022:13:07:06 +0000] "POST /api/v1/cvs/login HTTP/1.1" 200 1521 "-" "PostmanRuntime/7.29.0"
::1 - - [04/Jul/2022:14:39:21 +0000] "POST /api/v1/profiles HTTP/1.1" 200 1250 "-" "PostmanRuntime/7.29.0"
::1 - - [04/Jul/2022:14:44:47 +0000] "POST /api/v1/profiles/login HTTP/1.1" 200 1577 "-" "PostmanRuntime/7.29.0"
::1 - - [04/Jul/2022:14:45:04 +0000] "PUT /api/v1/cvs/profile HTTP/1.1" 500 89 "-" "PostmanRuntime/7.29.0"
::1 - - [04/Jul/2022:14:45:46 +0000] "POST /api/v1/profiles/login HTTP/1.1" 200 1640 "-" "PostmanRuntime/7.29.0"
::1 - - [04/Jul/2022:14:47:33 +0000] "PUT /api/v1/cvs/profile HTTP/1.1" 500 89 "-" "PostmanRuntime/7.29.0"
::1 - - [04/Jul/2022:14:48:02 +0000] "PUT /api/v1/cvs/profile HTTP/1.1" 500 90 "-" "PostmanRuntime/7.29.0"
::1 - - [04/Jul/2022:14:49:11 +0000] "PUT /api/v1/cvs/profile HTTP/1.1" 500 90 "-" "PostmanRuntime/7.29.0"
::1 - - [04/Jul/2022:14:49:25 +0000] "PUT /api/v1/cvs/profile HTTP/1.1" 500 90 "-" "PostmanRuntime/7.29.0"
::1 - - [04/Jul/2022:14:49:46 +0000] "PUT /api/v1/cvs/profile HTTP/1.1" 500 90 "-" "PostmanRuntime/7.29.0"
::1 - - [04/Jul/2022:14:50:09 +0000] "PUT /api/v1/cvs/profile HTTP/1.1" 200 62 "-" "PostmanRuntime/7.29.0"
::1 - - [04/Jul/2022:19:33:52 +0000] "GET /api/v1/questionnaires/628626b1e27fe2937dff2b47 HTTP/1.1" 200 2861 "-" "PostmanRuntime/7.29.0"
::1 - - [04/Jul/2022:19:36:41 +0000] "GET /api/v1/questionnaires/628626b1e27fe2937dff2b47 HTTP/1.1" 400 126 "-" "PostmanRuntime/7.29.0"
::1 - - [04/Jul/2022:19:37:10 +0000] "GET /api/v1/questionnaires/6278d5e4c55b919214fe95c3 HTTP/1.1" 400 126 "-" "PostmanRuntime/7.29.0"
::1 - - [04/Jul/2022:19:37:24 +0000] "GET /api/v1/questionnaires/6278d5e4c55b919214fe95bb HTTP/1.1" 200 5199 "-" "PostmanRuntime/7.29.0"
::1 - - [04/Jul/2022:19:37:40 +0000] "DELETE /api/v1/cvs/628626b1e27fe2937dff2b47 HTTP/1.1" 500 89 "-" "PostmanRuntime/7.29.0"
::1 - - [04/Jul/2022:19:38:21 +0000] "DELETE /api/v1/cvs/628626b1e27fe2937dff2b47 HTTP/1.1" 200 1018 "-" "PostmanRuntime/7.29.0"
::1 - - [06/Jul/2022:15:46:32 +0000] "GET /api/v1/follows/628c916ccd577a3d20192038/cv HTTP/1.1" 500 86 "-" "PostmanRuntime/7.29.0"
::1 - - [06/Jul/2022:15:46:49 +0000] "POST /api/v1/cvs/login HTTP/1.1" 200 1643 "-" "PostmanRuntime/7.29.0"
::1 - - [06/Jul/2022:15:47:01 +0000] "GET /api/v1/follows/628c916ccd577a3d20192038/cv HTTP/1.1" 500 86 "-" "PostmanRuntime/7.29.0"
::1 - - [06/Jul/2022:15:49:52 +0000] "GET /api/v1/follows/628c916ccd577a3d20192038/cv HTTP/1.1" 500 86 "-" "PostmanRuntime/7.29.0"
::1 - - [06/Jul/2022:15:50:39 +0000] "GET /api/v1/follows/628c916ccd577a3d20192038/cv HTTP/1.1" 500 86 "-" "PostmanRuntime/7.29.0"
::1 - - [06/Jul/2022:15:51:05 +0000] "GET /api/v1/follows/628c916ccd577a3d20192038/cv HTTP/1.1" 500 86 "-" "PostmanRuntime/7.29.0"
::1 - - [06/Jul/2022:15:52:27 +0000] "GET /api/v1/follows/628c916ccd577a3d20192038/cv HTTP/1.1" 500 86 "-" "PostmanRuntime/7.29.0"
::1 - - [06/Jul/2022:15:53:25 +0000] "GET /api/v1/follows/628c916ccd577a3d20192038/cv HTTP/1.1" 200 1162 "-" "PostmanRuntime/7.29.0"
::1 - - [06/Jul/2022:15:54:53 +0000] "GET /api/v1/follows/628c916ccd577a3d20192038/cv HTTP/1.1" 200 1162 "-" "PostmanRuntime/7.29.0"
