::1 - - [27/Jan/2022:02:58:19 +0000] "GET /api/v1/jobs HTTP/1.1" 200 2603 "-" "PostmanRuntime/7.29.0"
::1 - - [27/Jan/2022:03:02:01 +0000] "GET /api/v1/jobs HTTP/1.1" 200 2603 "-" "PostmanRuntime/7.29.0"
::1 - - [27/Jan/2022:03:02:21 +0000] "GET /api/v1/jobs HTTP/1.1" 200 2418 "-" "PostmanRuntime/7.29.0"
::1 - - [27/Jan/2022:03:03:18 +0000] "GET /api/v1/jobs HTTP/1.1" 200 2603 "-" "PostmanRuntime/7.29.0"
::1 - - [27/Jan/2022:03:04:10 +0000] "GET /api/v1/jobs HTTP/1.1" 200 2603 "-" "PostmanRuntime/7.29.0"
::1 - - [27/Jan/2022:03:05:01 +0000] "GET /api/v1/jobs HTTP/1.1" 500 172 "-" "PostmanRuntime/7.29.0"
::1 - - [27/Jan/2022:03:05:12 +0000] "POST /api/v1/cvs/login HTTP/1.1" 200 1214 "-" "PostmanRuntime/7.29.0"
::1 - - [27/Jan/2022:03:05:18 +0000] "GET /api/v1/jobs HTTP/1.1" 200 2603 "-" "PostmanRuntime/7.29.0"
::1 - - [27/Jan/2022:03:05:25 +0000] "GET /api/v1/jobs HTTP/1.1" 500 172 "-" "PostmanRuntime/7.29.0"
::1 - - [27/Jan/2022:03:05:29 +0000] "POST /api/v1/cvs HTTP/1.1" 200 803 "-" "PostmanRuntime/7.29.0"
::1 - - [27/Jan/2022:03:05:33 +0000] "GET /api/v1/jobs HTTP/1.1" 500 172 "-" "PostmanRuntime/7.29.0"
::1 - - [27/Jan/2022:03:05:36 +0000] "POST /api/v1/cvs/login HTTP/1.1" 200 1214 "-" "PostmanRuntime/7.29.0"
::1 - - [27/Jan/2022:03:05:40 +0000] "GET /api/v1/jobs HTTP/1.1" 200 2603 "-" "PostmanRuntime/7.29.0"
::1 - - [27/Jan/2022:03:14:39 +0000] "GET /api/v1/jobs HTTP/1.1" 500 172 "-" "PostmanRuntime/7.29.0"
::1 - - [27/Jan/2022:03:14:43 +0000] "POST /api/v1/cvs/login HTTP/1.1" 200 1214 "-" "PostmanRuntime/7.29.0"
::1 - - [27/Jan/2022:03:14:47 +0000] "GET /api/v1/jobs HTTP/1.1" 200 2603 "-" "PostmanRuntime/7.29.0"
::1 - - [27/Jan/2022:03:22:10 +0000] "GET /api/v1/jobs/61e6213f6b1ca5313cf09e61 HTTP/1.1" 200 576 "-" "PostmanRuntime/7.29.0"
::1 - - [27/Jan/2022:03:22:48 +0000] "POST /api/v1/jobs HTTP/1.1" 500 88 "-" "PostmanRuntime/7.29.0"
::1 - - [27/Jan/2022:03:23:04 +0000] "POST /api/v1/jobs HTTP/1.1" 500 88 "-" "PostmanRuntime/7.29.0"
::1 - - [27/Jan/2022:03:23:32 +0000] "POST /api/v1/profiles/login HTTP/1.1" 200 1193 "-" "PostmanRuntime/7.29.0"
::1 - - [27/Jan/2022:03:23:41 +0000] "POST /api/v1/jobs HTTP/1.1" 200 1406 "-" "PostmanRuntime/7.29.0"
::1 - - [27/Jan/2022:03:23:56 +0000] "GET /api/v1/jobs/61f2103dfc13963c148ca76a HTTP/1.1" 200 485 "-" "PostmanRuntime/7.29.0"
::1 - - [27/Jan/2022:03:24:15 +0000] "GET /api/v1/jobs/61f2103dfc13963c148ca76a HTTP/1.1" 200 485 "-" "PostmanRuntime/7.29.0"
::1 - - [27/Jan/2022:03:24:30 +0000] "GET /api/v1/jobs/61f2103dfc13963c148ca76a HTTP/1.1" 200 485 "-" "PostmanRuntime/7.29.0"
::1 - - [27/Jan/2022:03:24:42 +0000] "GET /api/v1/jobs/61f2103dfc13963c148ca76a HTTP/1.1" 200 485 "-" "PostmanRuntime/7.29.0"
::1 - - [27/Jan/2022:03:24:52 +0000] "GET /api/v1/jobs/61f2103dfc13963c148ca76a HTTP/1.1" 200 485 "-" "PostmanRuntime/7.29.0"
::1 - - [27/Jan/2022:03:25:26 +0000] "GET /api/v1/jobs HTTP/1.1" 500 172 "-" "PostmanRuntime/7.29.0"
::1 - - [27/Jan/2022:03:25:31 +0000] "GET /api/v1/cvs/61dfa668b5058c2d288a93ef HTTP/1.1" 500 172 "-" "PostmanRuntime/7.29.0"
::1 - - [27/Jan/2022:03:25:35 +0000] "POST /api/v1/cvs/login HTTP/1.1" 200 1214 "-" "PostmanRuntime/7.29.0"
::1 - - [27/Jan/2022:03:25:40 +0000] "GET /api/v1/jobs HTTP/1.1" 200 2603 "-" "PostmanRuntime/7.29.0"
::1 - - [27/Jan/2022:03:26:10 +0000] "GET /api/v1/jobs/61f2103dfc13963c148ca76a HTTP/1.1" 200 485 "-" "PostmanRuntime/7.29.0"
::1 - - [27/Jan/2022:03:39:22 +0000] "GET /api/v1/jobs HTTP/1.1" 500 172 "-" "PostmanRuntime/7.29.0"
::1 - - [27/Jan/2022:03:39:26 +0000] "POST /api/v1/profiles/login HTTP/1.1" 200 1193 "-" "PostmanRuntime/7.29.0"
::1 - - [27/Jan/2022:03:39:28 +0000] "GET /api/v1/jobs HTTP/1.1" 200 2603 "-" "PostmanRuntime/7.29.0"
::1 - - [27/Jan/2022:03:39:57 +0000] "GET /api/v1/jobs?limit=20 HTTP/1.1" 500 172 "-" "PostmanRuntime/7.29.0"
::1 - - [27/Jan/2022:03:40:00 +0000] "POST /api/v1/profiles/login HTTP/1.1" 200 1193 "-" "PostmanRuntime/7.29.0"
::1 - - [27/Jan/2022:03:40:02 +0000] "GET /api/v1/jobs?limit=20 HTTP/1.1" 200 9725 "-" "PostmanRuntime/7.29.0"
::1 - - [27/Jan/2022:03:40:39 +0000] "GET /api/v1/jobs/61f2103dfc13963c148ca76a HTTP/1.1" 200 485 "-" "PostmanRuntime/7.29.0"
::1 - - [27/Jan/2022:03:40:50 +0000] "GET /api/v1/jobs?limit=20 HTTP/1.1" 500 172 "-" "PostmanRuntime/7.29.0"
::1 - - [27/Jan/2022:03:40:53 +0000] "POST /api/v1/profiles/login HTTP/1.1" 200 1193 "-" "PostmanRuntime/7.29.0"
::1 - - [27/Jan/2022:03:40:57 +0000] "GET /api/v1/jobs?limit=20 HTTP/1.1" 200 9725 "-" "PostmanRuntime/7.29.0"
::1 - - [27/Jan/2022:03:41:11 +0000] "GET /api/v1/jobs?limit=20 HTTP/1.1" 500 172 "-" "PostmanRuntime/7.29.0"
::1 - - [27/Jan/2022:03:41:14 +0000] "POST /api/v1/profiles/login HTTP/1.1" 200 1193 "-" "PostmanRuntime/7.29.0"
::1 - - [27/Jan/2022:03:41:16 +0000] "GET /api/v1/jobs?limit=20 HTTP/1.1" 200 9725 "-" "PostmanRuntime/7.29.0"
::1 - - [27/Jan/2022:03:41:37 +0000] "GET /api/v1/jobs/61f2103dfc13963c148ca76a HTTP/1.1" 200 485 "-" "PostmanRuntime/7.29.0"
::1 - - [27/Jan/2022:03:45:10 +0000] "GET /api/v1/jobs?limit=20&sort=createdAt HTTP/1.1" 500 172 "-" "PostmanRuntime/7.29.0"
::1 - - [27/Jan/2022:03:45:15 +0000] "POST /api/v1/profiles/login HTTP/1.1" 200 1193 "-" "PostmanRuntime/7.29.0"
::1 - - [27/Jan/2022:03:45:17 +0000] "GET /api/v1/jobs?limit=20&sort=createdAt HTTP/1.1" 200 9725 "-" "PostmanRuntime/7.29.0"
::1 - - [27/Jan/2022:03:45:36 +0000] "GET /api/v1/jobs?limit=20&sort=%20-createdAt HTTP/1.1" 500 172 "-" "PostmanRuntime/7.29.0"
::1 - - [27/Jan/2022:03:45:38 +0000] "POST /api/v1/profiles/login HTTP/1.1" 200 1193 "-" "PostmanRuntime/7.29.0"
::1 - - [27/Jan/2022:03:45:41 +0000] "GET /api/v1/jobs?limit=20&sort=%20-createdAt HTTP/1.1" 200 9539 "-" "PostmanRuntime/7.29.0"
::1 - - [27/Jan/2022:03:46:40 +0000] "GET /api/v1/jobs?limit=20&sort=%20createdAt HTTP/1.1" 500 172 "-" "PostmanRuntime/7.29.0"
::1 - - [27/Jan/2022:03:46:43 +0000] "POST /api/v1/profiles/login HTTP/1.1" 200 1193 "-" "PostmanRuntime/7.29.0"
::1 - - [27/Jan/2022:03:46:45 +0000] "GET /api/v1/jobs?limit=20&sort=%20createdAt HTTP/1.1" 200 9725 "-" "PostmanRuntime/7.29.0"
::1 - - [27/Jan/2022:03:47:51 +0000] "GET /api/v1/jobs?limit=20&sort=createdAt HTTP/1.1" 500 172 "-" "PostmanRuntime/7.29.0"
::1 - - [27/Jan/2022:03:47:56 +0000] "POST /api/v1/profiles/login HTTP/1.1" 200 1193 "-" "PostmanRuntime/7.29.0"
::1 - - [27/Jan/2022:03:47:58 +0000] "GET /api/v1/jobs?limit=20&sort=createdAt HTTP/1.1" 200 9725 "-" "PostmanRuntime/7.29.0"
::1 - - [27/Jan/2022:03:49:26 +0000] "GET /api/v1/jobs?limit=31&sort=createdAt HTTP/1.1" 500 172 "-" "PostmanRuntime/7.29.0"
::1 - - [27/Jan/2022:03:49:30 +0000] "POST /api/v1/profiles/login HTTP/1.1" 200 1193 "-" "PostmanRuntime/7.29.0"
::1 - - [27/Jan/2022:03:49:32 +0000] "GET /api/v1/jobs?limit=31&sort=createdAt HTTP/1.1" 200 14839 "-" "PostmanRuntime/7.29.0"
::1 - - [27/Jan/2022:03:50:04 +0000] "POST /api/v1/profiles/login HTTP/1.1" 200 1193 "-" "PostmanRuntime/7.29.0"
::1 - - [27/Jan/2022:03:50:06 +0000] "GET /api/v1/jobs?limit=31&sort=-createdAt HTTP/1.1" 200 14839 "-" "PostmanRuntime/7.29.0"
::1 - - [27/Jan/2022:03:53:25 +0000] "GET /api/v1/jobs?limit=31&sort=createdAt HTTP/1.1" 500 172 "-" "PostmanRuntime/7.29.0"
::1 - - [27/Jan/2022:03:53:27 +0000] "POST /api/v1/profiles/login HTTP/1.1" 200 1193 "-" "PostmanRuntime/7.29.0"
::1 - - [27/Jan/2022:03:53:29 +0000] "GET /api/v1/jobs?limit=31&sort=createdAt HTTP/1.1" 200 14839 "-" "PostmanRuntime/7.29.0"
::1 - - [27/Jan/2022:03:55:52 +0000] "GET /api/v1/jobs?limit=31&sort=createdAt HTTP/1.1" 500 172 "-" "PostmanRuntime/7.29.0"
::1 - - [27/Jan/2022:03:55:56 +0000] "POST /api/v1/profiles/login HTTP/1.1" 200 1193 "-" "PostmanRuntime/7.29.0"
::1 - - [27/Jan/2022:03:56:00 +0000] "GET /api/v1/jobs?limit=31&sort=createdAt HTTP/1.1" 200 14839 "-" "PostmanRuntime/7.29.0"
::1 - - [27/Jan/2022:03:56:41 +0000] "POST /api/v1/profiles/login HTTP/1.1" 200 1193 "-" "PostmanRuntime/7.29.0"
::1 - - [27/Jan/2022:03:56:43 +0000] "GET /api/v1/jobs?limit=31&sort=createdAt HTTP/1.1" 200 14839 "-" "PostmanRuntime/7.29.0"
::1 - - [27/Jan/2022:03:56:53 +0000] "GET /api/v1/jobs?limit=31&sort=-createdAt HTTP/1.1" 500 172 "-" "PostmanRuntime/7.29.0"
::1 - - [27/Jan/2022:03:56:55 +0000] "POST /api/v1/profiles/login HTTP/1.1" 200 1193 "-" "PostmanRuntime/7.29.0"
::1 - - [27/Jan/2022:03:56:57 +0000] "GET /api/v1/jobs?limit=31&sort=-createdAt HTTP/1.1" 200 14839 "-" "PostmanRuntime/7.29.0"
::1 - - [27/Jan/2022:04:10:01 +0000] "GET /api/v1/jobs?limit=31&sort=-createdAt HTTP/1.1" 500 172 "-" "PostmanRuntime/7.29.0"
::1 - - [27/Jan/2022:04:10:03 +0000] "POST /api/v1/profiles/login HTTP/1.1" 200 1193 "-" "PostmanRuntime/7.29.0"
::1 - - [27/Jan/2022:04:10:06 +0000] "GET /api/v1/jobs?limit=31&sort=-createdAt HTTP/1.1" 200 104 "-" "PostmanRuntime/7.29.0"
::1 - - [27/Jan/2022:04:10:15 +0000] "POST /api/v1/jobs HTTP/1.1" 200 1406 "-" "PostmanRuntime/7.29.0"
::1 - - [27/Jan/2022:04:10:27 +0000] "POST /api/v1/jobs HTTP/1.1" 200 1406 "-" "PostmanRuntime/7.29.0"
::1 - - [27/Jan/2022:04:10:33 +0000] "POST /api/v1/jobs HTTP/1.1" 200 1406 "-" "PostmanRuntime/7.29.0"
::1 - - [27/Jan/2022:04:10:39 +0000] "POST /api/v1/jobs HTTP/1.1" 200 1406 "-" "PostmanRuntime/7.29.0"
::1 - - [27/Jan/2022:04:10:51 +0000] "POST /api/v1/jobs HTTP/1.1" 200 1406 "-" "PostmanRuntime/7.29.0"
::1 - - [27/Jan/2022:04:10:54 +0000] "GET /api/v1/jobs?limit=31&sort=-createdAt HTTP/1.1" 500 172 "-" "PostmanRuntime/7.29.0"
::1 - - [27/Jan/2022:04:10:57 +0000] "POST /api/v1/profiles/login HTTP/1.1" 200 1193 "-" "PostmanRuntime/7.29.0"
::1 - - [27/Jan/2022:04:10:58 +0000] "GET /api/v1/jobs?limit=31&sort=-createdAt HTTP/1.1" 200 2413 "-" "PostmanRuntime/7.29.0"
::1 - - [27/Jan/2022:04:12:15 +0000] "GET /api/v1/jobs?limit=31&sort=-createdAt%20special HTTP/1.1" 500 172 "-" "PostmanRuntime/7.29.0"
::1 - - [27/Jan/2022:04:12:17 +0000] "POST /api/v1/profiles/login HTTP/1.1" 200 1193 "-" "PostmanRuntime/7.29.0"
::1 - - [27/Jan/2022:04:12:30 +0000] "GET /api/v1/jobs?limit=31&sort=-createdAt%20special HTTP/1.1" 200 2413 "-" "PostmanRuntime/7.29.0"
::1 - - [27/Jan/2022:04:14:12 +0000] "GET /api/v1/jobs?limit=31&sort=special HTTP/1.1" 500 172 "-" "PostmanRuntime/7.29.0"
::1 - - [27/Jan/2022:04:14:15 +0000] "POST /api/v1/profiles/login HTTP/1.1" 200 1193 "-" "PostmanRuntime/7.29.0"
::1 - - [27/Jan/2022:04:14:18 +0000] "GET /api/v1/jobs?limit=31&sort=special HTTP/1.1" 200 2413 "-" "PostmanRuntime/7.29.0"
::1 - - [27/Jan/2022:04:14:43 +0000] "GET /api/v1/jobs?limit=31&sort=-special HTTP/1.1" 500 172 "-" "PostmanRuntime/7.29.0"
::1 - - [27/Jan/2022:04:14:45 +0000] "POST /api/v1/profiles/login HTTP/1.1" 200 1193 "-" "PostmanRuntime/7.29.0"
::1 - - [27/Jan/2022:04:14:50 +0000] "GET /api/v1/jobs?limit=31&sort=-special HTTP/1.1" 200 2413 "-" "PostmanRuntime/7.29.0"
::1 - - [27/Jan/2022:05:02:04 +0000] "GET /api/v1/jobs?limit=31&sort=-special HTTP/1.1" 500 172 "-" "PostmanRuntime/7.29.0"
::1 - - [27/Jan/2022:05:02:06 +0000] "POST /api/v1/profiles/login HTTP/1.1" 200 1193 "-" "PostmanRuntime/7.29.0"
::1 - - [27/Jan/2022:05:02:08 +0000] "GET /api/v1/jobs?limit=31&sort=-special HTTP/1.1" 500 82 "-" "PostmanRuntime/7.29.0"
::1 - - [27/Jan/2022:05:05:16 +0000] "GET /api/v1/jobs?limit=31&sort=-special HTTP/1.1" 500 172 "-" "PostmanRuntime/7.29.0"
::1 - - [27/Jan/2022:05:05:19 +0000] "POST /api/v1/profiles/login HTTP/1.1" 200 1193 "-" "PostmanRuntime/7.29.0"
::1 - - [27/Jan/2022:05:05:21 +0000] "GET /api/v1/jobs?limit=31&sort=-special HTTP/1.1" 500 68 "-" "PostmanRuntime/7.29.0"
::1 - - [27/Jan/2022:05:06:35 +0000] "POST /api/v1/profiles/login HTTP/1.1" 200 1193 "-" "PostmanRuntime/7.29.0"
::1 - - [27/Jan/2022:05:06:37 +0000] "GET /api/v1/jobs?limit=31&sort=-special HTTP/1.1" 500 62 "-" "PostmanRuntime/7.29.0"
::1 - - [27/Jan/2022:05:07:57 +0000] "GET /api/v1/jobs?limit=31&sort=-special HTTP/1.1" 500 172 "-" "PostmanRuntime/7.29.0"
::1 - - [27/Jan/2022:05:08:00 +0000] "POST /api/v1/profiles/login HTTP/1.1" 200 1193 "-" "PostmanRuntime/7.29.0"
::1 - - [27/Jan/2022:05:08:02 +0000] "GET /api/v1/jobs?limit=31&sort=-special HTTP/1.1" 500 82 "-" "PostmanRuntime/7.29.0"
::1 - - [27/Jan/2022:06:24:37 +0000] "POST /api/v1/profiles/login HTTP/1.1" 200 1193 "-" "PostmanRuntime/7.29.0"
::1 - - [27/Jan/2022:06:24:40 +0000] "GET /api/v1/jobs?limit=31&sort=-special HTTP/1.1" 500 81 "-" "PostmanRuntime/7.29.0"
::1 - - [27/Jan/2022:06:24:57 +0000] "GET /api/v1/jobs?limit=31&sort=-special HTTP/1.1" 500 172 "-" "PostmanRuntime/7.29.0"
::1 - - [27/Jan/2022:06:25:00 +0000] "POST /api/v1/profiles/login HTTP/1.1" 200 1193 "-" "PostmanRuntime/7.29.0"
::1 - - [27/Jan/2022:06:25:03 +0000] "GET /api/v1/jobs?limit=31&sort=-special HTTP/1.1" 500 108 "-" "PostmanRuntime/7.29.0"
::1 - - [27/Jan/2022:06:32:37 +0000] "GET /api/v1/jobs/specials?limit=31&sort=-special HTTP/1.1" 500 172 "-" "PostmanRuntime/7.29.0"
::1 - - [27/Jan/2022:06:32:40 +0000] "POST /api/v1/profiles/login HTTP/1.1" 200 1193 "-" "PostmanRuntime/7.29.0"
::1 - - [27/Jan/2022:06:32:43 +0000] "GET /api/v1/jobs/specials?limit=31&sort=-special HTTP/1.1" 200 2413 "-" "PostmanRuntime/7.29.0"
::1 - - [27/Jan/2022:06:33:41 +0000] "GET /api/v1/jobs/specials?limit=31&sort=-special HTTP/1.1" 500 172 "-" "PostmanRuntime/7.29.0"
::1 - - [27/Jan/2022:06:33:43 +0000] "POST /api/v1/profiles/login HTTP/1.1" 200 1193 "-" "PostmanRuntime/7.29.0"
::1 - - [27/Jan/2022:06:33:45 +0000] "GET /api/v1/jobs/specials?limit=31&sort=-special HTTP/1.1" 500 82 "-" "PostmanRuntime/7.29.0"
::1 - - [27/Jan/2022:06:35:38 +0000] "POST /api/v1/profiles/login HTTP/1.1" 200 1193 "-" "PostmanRuntime/7.29.0"
::1 - - [27/Jan/2022:06:35:40 +0000] "GET /api/v1/jobs/specials?limit=31&sort=-special HTTP/1.1" 200 565 "-" "PostmanRuntime/7.29.0"
::1 - - [27/Jan/2022:06:40:42 +0000] "GET /api/v1/jobs/specials?limit=31&sort=-special HTTP/1.1" 500 172 "-" "PostmanRuntime/7.29.0"
::1 - - [27/Jan/2022:06:40:44 +0000] "POST /api/v1/profiles/login HTTP/1.1" 200 1193 "-" "PostmanRuntime/7.29.0"
::1 - - [27/Jan/2022:06:40:47 +0000] "GET /api/v1/jobs/specials?limit=31&sort=-special HTTP/1.1" 500 108 "-" "PostmanRuntime/7.29.0"
::1 - - [27/Jan/2022:06:43:00 +0000] "GET /api/v1/jobs/specials?limit=31&sort=-special HTTP/1.1" 500 172 "-" "PostmanRuntime/7.29.0"
::1 - - [27/Jan/2022:06:43:02 +0000] "POST /api/v1/profiles/login HTTP/1.1" 200 1193 "-" "PostmanRuntime/7.29.0"
::1 - - [27/Jan/2022:06:43:05 +0000] "GET /api/v1/jobs/specials?limit=31&sort=-special HTTP/1.1" 500 93 "-" "PostmanRuntime/7.29.0"
::1 - - [27/Jan/2022:06:45:54 +0000] "GET /api/v1/jobs/specials?limit=31&sort=-special HTTP/1.1" 500 172 "-" "PostmanRuntime/7.29.0"
::1 - - [27/Jan/2022:06:45:57 +0000] "POST /api/v1/profiles/login HTTP/1.1" 200 1193 "-" "PostmanRuntime/7.29.0"
::1 - - [27/Jan/2022:06:46:00 +0000] "GET /api/v1/jobs/specials?limit=31&sort=-special HTTP/1.1" 500 72 "-" "PostmanRuntime/7.29.0"
::1 - - [27/Jan/2022:06:51:37 +0000] "GET /api/v1/jobs/specials?limit=31&sort=-special HTTP/1.1" 500 172 "-" "PostmanRuntime/7.29.0"
::1 - - [27/Jan/2022:06:51:39 +0000] "POST /api/v1/profiles/login HTTP/1.1" 200 1193 "-" "PostmanRuntime/7.29.0"
::1 - - [27/Jan/2022:06:51:41 +0000] "GET /api/v1/jobs/specials?limit=31&sort=-special HTTP/1.1" 200 565 "-" "PostmanRuntime/7.29.0"
::1 - - [27/Jan/2022:06:52:09 +0000] "GET /api/v1/jobs/specials?limit=31&sort=-special HTTP/1.1" 500 172 "-" "PostmanRuntime/7.29.0"
::1 - - [27/Jan/2022:06:52:11 +0000] "POST /api/v1/profiles/login HTTP/1.1" 200 1193 "-" "PostmanRuntime/7.29.0"
::1 - - [27/Jan/2022:06:52:13 +0000] "GET /api/v1/jobs/specials?limit=31&sort=-special HTTP/1.1" 200 2413 "-" "PostmanRuntime/7.29.0"
::1 - - [27/Jan/2022:06:53:36 +0000] "GET /api/v1/jobs/specials?limit=31&sort=-special HTTP/1.1" 500 172 "-" "PostmanRuntime/7.29.0"
::1 - - [27/Jan/2022:06:53:39 +0000] "POST /api/v1/profiles/login HTTP/1.1" 200 1193 "-" "PostmanRuntime/7.29.0"
::1 - - [27/Jan/2022:06:53:41 +0000] "GET /api/v1/jobs/specials?limit=31&sort=-special HTTP/1.1" 200 2413 "-" "PostmanRuntime/7.29.0"
::1 - - [27/Jan/2022:06:56:31 +0000] "POST /api/v1/profiles/login HTTP/1.1" 200 1193 "-" "PostmanRuntime/7.29.0"
::1 - - [27/Jan/2022:06:56:33 +0000] "GET /api/v1/jobs/specials?limit=31&sort=-special HTTP/1.1" 200 2413 "-" "PostmanRuntime/7.29.0"
::1 - - [27/Jan/2022:07:02:55 +0000] "GET /api/v1/jobs/specials?limit=31&sort=-special HTTP/1.1" 500 172 "-" "PostmanRuntime/7.29.0"
::1 - - [27/Jan/2022:07:02:58 +0000] "POST /api/v1/profiles/login HTTP/1.1" 200 1193 "-" "PostmanRuntime/7.29.0"
::1 - - [27/Jan/2022:07:03:03 +0000] "GET /api/v1/jobs/specials?limit=31&sort=-special HTTP/1.1" 500 339 "-" "PostmanRuntime/7.29.0"
::1 - - [27/Jan/2022:07:04:03 +0000] "POST /api/v1/profiles/login HTTP/1.1" 200 1193 "-" "PostmanRuntime/7.29.0"
::1 - - [27/Jan/2022:07:04:05 +0000] "GET /api/v1/jobs/specials?limit=31&sort=-special HTTP/1.1" 500 339 "-" "PostmanRuntime/7.29.0"
::1 - - [27/Jan/2022:07:04:55 +0000] "GET /api/v1/jobs/specials?limit=31&sort=-special HTTP/1.1" 500 172 "-" "PostmanRuntime/7.29.0"
::1 - - [27/Jan/2022:07:04:57 +0000] "POST /api/v1/profiles/login HTTP/1.1" 200 1193 "-" "PostmanRuntime/7.29.0"
::1 - - [27/Jan/2022:07:04:59 +0000] "GET /api/v1/jobs/specials?limit=31&sort=-special HTTP/1.1" 500 339 "-" "PostmanRuntime/7.29.0"
::1 - - [27/Jan/2022:07:05:35 +0000] "POST /api/v1/profiles/login HTTP/1.1" 200 1193 "-" "PostmanRuntime/7.29.0"
::1 - - [27/Jan/2022:07:05:38 +0000] "GET /api/v1/jobs/specials?limit=31&sort=-special HTTP/1.1" 500 339 "-" "PostmanRuntime/7.29.0"
::1 - - [27/Jan/2022:07:07:18 +0000] "POST /api/v1/profiles/login HTTP/1.1" 200 1193 "-" "PostmanRuntime/7.29.0"
::1 - - [27/Jan/2022:07:07:19 +0000] "GET /api/v1/jobs/specials?limit=31&sort=-special HTTP/1.1" 200 565 "-" "PostmanRuntime/7.29.0"
::1 - - [27/Jan/2022:07:07:39 +0000] "POST /api/v1/profiles/login HTTP/1.1" 200 1193 "-" "PostmanRuntime/7.29.0"
::1 - - [27/Jan/2022:07:07:40 +0000] "GET /api/v1/jobs/specials?limit=31&sort=-special HTTP/1.1" 200 1951 "-" "PostmanRuntime/7.29.0"
::1 - - [27/Jan/2022:07:09:47 +0000] "GET /api/v1/jobs/specials HTTP/1.1" 500 172 "-" "PostmanRuntime/7.29.0"
::1 - - [27/Jan/2022:07:09:50 +0000] "POST /api/v1/profiles/login HTTP/1.1" 200 1193 "-" "PostmanRuntime/7.29.0"
::1 - - [27/Jan/2022:07:09:52 +0000] "GET /api/v1/jobs/specials HTTP/1.1" 200 564 "-" "PostmanRuntime/7.29.0"
::1 - - [27/Jan/2022:07:10:28 +0000] "GET /api/v1/jobs/specials HTTP/1.1" 500 172 "-" "PostmanRuntime/7.29.0"
::1 - - [27/Jan/2022:07:10:30 +0000] "POST /api/v1/profiles/login HTTP/1.1" 200 1193 "-" "PostmanRuntime/7.29.0"
::1 - - [27/Jan/2022:07:10:33 +0000] "GET /api/v1/jobs/specials HTTP/1.1" 200 1950 "-" "PostmanRuntime/7.29.0"
::1 - - [27/Jan/2022:07:12:18 +0000] "POST /api/v1/profiles/login HTTP/1.1" 200 1193 "-" "PostmanRuntime/7.29.0"
::1 - - [27/Jan/2022:07:12:20 +0000] "GET /api/v1/jobs/specials HTTP/1.1" 200 1488 "-" "PostmanRuntime/7.29.0"
::1 - - [27/Jan/2022:07:12:46 +0000] "POST /api/v1/profiles/login HTTP/1.1" 200 1193 "-" "PostmanRuntime/7.29.0"
::1 - - [27/Jan/2022:07:12:48 +0000] "GET /api/v1/jobs/specials HTTP/1.1" 200 1026 "-" "PostmanRuntime/7.29.0"
::1 - - [27/Jan/2022:07:13:36 +0000] "POST /api/v1/profiles/login HTTP/1.1" 200 1193 "-" "PostmanRuntime/7.29.0"
::1 - - [27/Jan/2022:07:13:39 +0000] "GET /api/v1/jobs/specials HTTP/1.1" 200 564 "-" "PostmanRuntime/7.29.0"
::1 - - [27/Jan/2022:08:12:44 +0000] "GET /api/v1/jobs/specials HTTP/1.1" 200 564 "-" "PostmanRuntime/7.29.0"
::1 - - [27/Jan/2022:08:13:14 +0000] "GET /api/v1/jobs/specials HTTP/1.1" 500 172 "-" "PostmanRuntime/7.29.0"
::1 - - [27/Jan/2022:08:13:20 +0000] "POST /api/v1/cvs/login HTTP/1.1" 200 1214 "-" "PostmanRuntime/7.29.0"
::1 - - [27/Jan/2022:08:13:23 +0000] "GET /api/v1/jobs/specials HTTP/1.1" 200 1950 "-" "PostmanRuntime/7.29.0"
::1 - - [27/Jan/2022:08:14:21 +0000] "GET /api/v1/jobs/specials HTTP/1.1" 500 172 "-" "PostmanRuntime/7.29.0"
::1 - - [27/Jan/2022:08:14:26 +0000] "POST /api/v1/cvs/login HTTP/1.1" 200 1214 "-" "PostmanRuntime/7.29.0"
::1 - - [27/Jan/2022:08:14:29 +0000] "GET /api/v1/jobs/specials HTTP/1.1" 200 564 "-" "PostmanRuntime/7.29.0"
::1 - - [27/Jan/2022:08:14:59 +0000] "GET /api/v1/jobs/specials HTTP/1.1" 500 172 "-" "PostmanRuntime/7.29.0"
::1 - - [27/Jan/2022:08:15:03 +0000] "POST /api/v1/cvs/login HTTP/1.1" 200 1214 "-" "PostmanRuntime/7.29.0"
::1 - - [27/Jan/2022:08:15:05 +0000] "GET /api/v1/jobs/specials HTTP/1.1" 200 2412 "-" "PostmanRuntime/7.29.0"
::1 - - [27/Jan/2022:08:15:49 +0000] "GET /api/v1/jobs/specials HTTP/1.1" 500 172 "-" "PostmanRuntime/7.29.0"
::1 - - [27/Jan/2022:08:15:53 +0000] "POST /api/v1/cvs/login HTTP/1.1" 200 1214 "-" "PostmanRuntime/7.29.0"
::1 - - [27/Jan/2022:08:15:55 +0000] "GET /api/v1/jobs/specials HTTP/1.1" 500 126 "-" "PostmanRuntime/7.29.0"
::1 - - [27/Jan/2022:08:17:00 +0000] "GET /api/v1/jobs/specials HTTP/1.1" 500 172 "-" "PostmanRuntime/7.29.0"
::1 - - [27/Jan/2022:08:17:03 +0000] "POST /api/v1/cvs/login HTTP/1.1" 200 1214 "-" "PostmanRuntime/7.29.0"
::1 - - [27/Jan/2022:08:17:06 +0000] "GET /api/v1/jobs/specials HTTP/1.1" 200 564 "-" "PostmanRuntime/7.29.0"
::1 - - [27/Jan/2022:08:17:40 +0000] "POST /api/v1/jobs HTTP/1.1" 500 88 "-" "PostmanRuntime/7.29.0"
::1 - - [27/Jan/2022:08:17:45 +0000] "POST /api/v1/profiles/login HTTP/1.1" 200 1193 "-" "PostmanRuntime/7.29.0"
::1 - - [27/Jan/2022:08:17:48 +0000] "POST /api/v1/jobs HTTP/1.1" 200 1406 "-" "PostmanRuntime/7.29.0"
::1 - - [27/Jan/2022:08:17:53 +0000] "POST /api/v1/jobs HTTP/1.1" 200 1406 "-" "PostmanRuntime/7.29.0"
::1 - - [27/Jan/2022:08:17:57 +0000] "POST /api/v1/jobs HTTP/1.1" 200 1406 "-" "PostmanRuntime/7.29.0"
::1 - - [27/Jan/2022:08:18:29 +0000] "GET /api/v1/jobs/specials HTTP/1.1" 500 172 "-" "PostmanRuntime/7.29.0"
::1 - - [27/Jan/2022:08:18:33 +0000] "POST /api/v1/cvs/login HTTP/1.1" 200 1214 "-" "PostmanRuntime/7.29.0"
::1 - - [27/Jan/2022:08:18:38 +0000] "GET /api/v1/jobs/specials HTTP/1.1" 200 1963 "-" "PostmanRuntime/7.29.0"
::1 - - [27/Jan/2022:08:19:16 +0000] "GET /api/v1/jobs/specials?select=description HTTP/1.1" 500 172 "-" "PostmanRuntime/7.29.0"
::1 - - [27/Jan/2022:08:19:23 +0000] "POST /api/v1/cvs/login HTTP/1.1" 200 1214 "-" "PostmanRuntime/7.29.0"
::1 - - [27/Jan/2022:08:19:26 +0000] "GET /api/v1/jobs/specials?select=description HTTP/1.1" 500 86 "-" "PostmanRuntime/7.29.0"
::1 - - [27/Jan/2022:08:19:48 +0000] "GET /api/v1/jobs/specials?select=%22description%22 HTTP/1.1" 500 172 "-" "PostmanRuntime/7.29.0"
::1 - - [27/Jan/2022:08:19:53 +0000] "POST /api/v1/cvs/login HTTP/1.1" 200 1214 "-" "PostmanRuntime/7.29.0"
::1 - - [27/Jan/2022:08:19:56 +0000] "GET /api/v1/jobs/specials?select=%22description%22 HTTP/1.1" 500 90 "-" "PostmanRuntime/7.29.0"
::1 - - [27/Jan/2022:08:20:14 +0000] "GET /api/v1/jobs/specials HTTP/1.1" 500 172 "-" "PostmanRuntime/7.29.0"
::1 - - [27/Jan/2022:08:20:20 +0000] "POST /api/v1/cvs/login HTTP/1.1" 200 1214 "-" "PostmanRuntime/7.29.0"
::1 - - [27/Jan/2022:08:20:24 +0000] "GET /api/v1/jobs/specials HTTP/1.1" 200 1963 "-" "PostmanRuntime/7.29.0"
::1 - - [27/Jan/2022:08:20:53 +0000] "GET /api/v1/jobs HTTP/1.1" 500 172 "-" "PostmanRuntime/7.29.0"
::1 - - [27/Jan/2022:08:20:56 +0000] "POST /api/v1/cvs/login HTTP/1.1" 200 1214 "-" "PostmanRuntime/7.29.0"
::1 - - [27/Jan/2022:08:21:00 +0000] "GET /api/v1/jobs HTTP/1.1" 200 2425 "-" "PostmanRuntime/7.29.0"
::1 - - [27/Jan/2022:08:21:27 +0000] "GET /api/v1/jobs?select=type HTTP/1.1" 500 172 "-" "PostmanRuntime/7.29.0"
::1 - - [27/Jan/2022:08:21:30 +0000] "POST /api/v1/cvs/login HTTP/1.1" 200 1214 "-" "PostmanRuntime/7.29.0"
::1 - - [27/Jan/2022:08:21:33 +0000] "GET /api/v1/jobs?select=type HTTP/1.1" 200 385 "-" "PostmanRuntime/7.29.0"
::1 - - [27/Jan/2022:08:22:39 +0000] "GET /api/v1/jobs?select=type&limit=8 HTTP/1.1" 500 172 "-" "PostmanRuntime/7.29.0"
::1 - - [27/Jan/2022:08:22:42 +0000] "POST /api/v1/cvs/login HTTP/1.1" 200 1214 "-" "PostmanRuntime/7.29.0"
::1 - - [27/Jan/2022:08:22:45 +0000] "GET /api/v1/jobs?select=type&limit=8 HTTP/1.1" 200 534 "-" "PostmanRuntime/7.29.0"
::1 - - [27/Jan/2022:08:23:00 +0000] "GET /api/v1/jobs/specials?select=type&limit=8 HTTP/1.1" 500 172 "-" "PostmanRuntime/7.29.0"
::1 - - [27/Jan/2022:08:23:04 +0000] "POST /api/v1/cvs/login HTTP/1.1" 200 1214 "-" "PostmanRuntime/7.29.0"
::1 - - [27/Jan/2022:08:23:10 +0000] "GET /api/v1/jobs/specials?select=type&limit=8 HTTP/1.1" 500 79 "-" "PostmanRuntime/7.29.0"
::1 - - [27/Jan/2022:08:25:00 +0000] "GET /api/v1/jobs/specials?select=type&limit=8 HTTP/1.1" 500 172 "-" "PostmanRuntime/7.29.0"
::1 - - [27/Jan/2022:08:25:05 +0000] "POST /api/v1/cvs/login HTTP/1.1" 200 1214 "-" "PostmanRuntime/7.29.0"
::1 - - [27/Jan/2022:08:25:07 +0000] "GET /api/v1/jobs/specials?select=type&limit=8 HTTP/1.1" 200 1950 "-" "PostmanRuntime/7.29.0"
::1 - - [27/Jan/2022:08:25:16 +0000] "GET /api/v1/jobs/specials HTTP/1.1" 500 172 "-" "PostmanRuntime/7.29.0"
::1 - - [27/Jan/2022:08:25:20 +0000] "POST /api/v1/cvs/login HTTP/1.1" 200 1214 "-" "PostmanRuntime/7.29.0"
::1 - - [27/Jan/2022:08:25:23 +0000] "GET /api/v1/jobs/specials HTTP/1.1" 200 1963 "-" "PostmanRuntime/7.29.0"
::1 - - [27/Jan/2022:08:27:06 +0000] "GET /api/v1/jobs/specials HTTP/1.1" 500 172 "-" "PostmanRuntime/7.29.0"
::1 - - [27/Jan/2022:08:27:09 +0000] "POST /api/v1/cvs/login HTTP/1.1" 200 1214 "-" "PostmanRuntime/7.29.0"
::1 - - [27/Jan/2022:08:27:13 +0000] "GET /api/v1/jobs/specials HTTP/1.1" 500 124 "-" "PostmanRuntime/7.29.0"
::1 - - [27/Jan/2022:08:28:05 +0000] "POST /api/v1/cvs/login HTTP/1.1" 200 1214 "-" "PostmanRuntime/7.29.0"
::1 - - [27/Jan/2022:08:28:07 +0000] "GET /api/v1/jobs/specials HTTP/1.1" 200 1963 "-" "PostmanRuntime/7.29.0"
::1 - - [27/Jan/2022:08:28:40 +0000] "POST /api/v1/cvs/login HTTP/1.1" 200 1214 "-" "PostmanRuntime/7.29.0"
::1 - - [27/Jan/2022:08:28:43 +0000] "GET /api/v1/jobs/specials?select=salary HTTP/1.1" 200 387 "-" "PostmanRuntime/7.29.0"
::1 - - [27/Jan/2022:08:29:04 +0000] "GET /api/v1/jobs/specials?select=salary&limit=8 HTTP/1.1" 500 172 "-" "PostmanRuntime/7.29.0"
::1 - - [27/Jan/2022:08:29:07 +0000] "POST /api/v1/cvs/login HTTP/1.1" 200 1214 "-" "PostmanRuntime/7.29.0"
::1 - - [27/Jan/2022:08:29:10 +0000] "GET /api/v1/jobs/specials?select=salary&limit=8 HTTP/1.1" 200 374 "-" "PostmanRuntime/7.29.0"
::1 - - [27/Jan/2022:08:34:46 +0000] "GET /api/v1/jobs/specials?select=salary&limit=8 HTTP/1.1" 500 172 "-" "PostmanRuntime/7.29.0"
::1 - - [27/Jan/2022:08:34:49 +0000] "POST /api/v1/cvs/login HTTP/1.1" 200 1214 "-" "PostmanRuntime/7.29.0"
::1 - - [27/Jan/2022:08:34:51 +0000] "GET /api/v1/jobs/specials?select=salary&limit=8 HTTP/1.1" 500 72 "-" "PostmanRuntime/7.29.0"
::1 - - [27/Jan/2022:08:35:03 +0000] "GET /api/v1/jobs/specials?select=salary&limit=8 HTTP/1.1" 500 172 "-" "PostmanRuntime/7.29.0"
::1 - - [27/Jan/2022:08:35:05 +0000] "POST /api/v1/cvs/login HTTP/1.1" 200 1214 "-" "PostmanRuntime/7.29.0"
::1 - - [27/Jan/2022:08:35:07 +0000] "GET /api/v1/jobs/specials?select=salary&limit=8 HTTP/1.1" 500 74 "-" "PostmanRuntime/7.29.0"
::1 - - [27/Jan/2022:08:36:07 +0000] "POST /api/v1/cvs/login HTTP/1.1" 200 1214 "-" "PostmanRuntime/7.29.0"
::1 - - [27/Jan/2022:08:36:09 +0000] "GET /api/v1/jobs/specials?select=salary&limit=8 HTTP/1.1" 200 374 "-" "PostmanRuntime/7.29.0"
::1 - - [27/Jan/2022:08:41:51 +0000] "GET /api/v1/jobs/specials?select=salary&limit=8 HTTP/1.1" 500 172 "-" "PostmanRuntime/7.29.0"
::1 - - [27/Jan/2022:08:41:54 +0000] "POST /api/v1/cvs/login HTTP/1.1" 200 1214 "-" "PostmanRuntime/7.29.0"
::1 - - [27/Jan/2022:08:41:58 +0000] "GET /api/v1/jobs/specials?select=salary&limit=8 HTTP/1.1" 500 124 "-" "PostmanRuntime/7.29.0"
::1 - - [27/Jan/2022:08:42:19 +0000] "GET /api/v1/jobs/specials?select=salary&limit=8 HTTP/1.1" 500 172 "-" "PostmanRuntime/7.29.0"
::1 - - [27/Jan/2022:08:42:22 +0000] "POST /api/v1/cvs/login HTTP/1.1" 200 1214 "-" "PostmanRuntime/7.29.0"
::1 - - [27/Jan/2022:08:42:24 +0000] "GET /api/v1/jobs/specials?select=salary&limit=8 HTTP/1.1" 200 374 "-" "PostmanRuntime/7.29.0"
::1 - - [27/Jan/2022:08:43:07 +0000] "POST /api/v1/cvs/login HTTP/1.1" 200 1214 "-" "PostmanRuntime/7.29.0"
::1 - - [27/Jan/2022:08:43:09 +0000] "GET /api/v1/jobs/specials?select=salary&limit=8 HTTP/1.1" 200 646 "-" "PostmanRuntime/7.29.0"
::1 - - [27/Jan/2022:08:49:20 +0000] "POST /api/v1/cvs/login HTTP/1.1" 200 1214 "-" "PostmanRuntime/7.29.0"
::1 - - [27/Jan/2022:08:49:22 +0000] "GET /api/v1/jobs/specials?select=salary&limit=8 HTTP/1.1" 200 646 "-" "PostmanRuntime/7.29.0"
::1 - - [27/Jan/2022:08:56:40 +0000] "GET /api/v1/jobs/specials?select=salary&limit=8 HTTP/1.1" 500 172 "-" "PostmanRuntime/7.29.0"
::1 - - [27/Jan/2022:08:56:42 +0000] "POST /api/v1/cvs/login HTTP/1.1" 200 1214 "-" "PostmanRuntime/7.29.0"
::1 - - [27/Jan/2022:08:56:44 +0000] "GET /api/v1/jobs/specials?select=salary&limit=8 HTTP/1.1" 500 111 "-" "PostmanRuntime/7.29.0"
::1 - - [27/Jan/2022:09:00:39 +0000] "POST /api/v1/cvs/login HTTP/1.1" 200 1214 "-" "PostmanRuntime/7.29.0"
::1 - - [27/Jan/2022:09:00:41 +0000] "GET /api/v1/jobs/specials?select=salary&limit=8 HTTP/1.1" 500 71 "-" "PostmanRuntime/7.29.0"
::1 - - [27/Jan/2022:09:02:10 +0000] "GET /api/v1/jobs/specials?select=salary&limit=8 HTTP/1.1" 500 172 "-" "PostmanRuntime/7.29.0"
::1 - - [27/Jan/2022:09:02:12 +0000] "POST /api/v1/cvs/login HTTP/1.1" 200 1214 "-" "PostmanRuntime/7.29.0"
::1 - - [27/Jan/2022:09:02:14 +0000] "GET /api/v1/jobs/specials?select=salary&limit=8 HTTP/1.1" 500 71 "-" "PostmanRuntime/7.29.0"
::1 - - [27/Jan/2022:09:27:05 +0000] "POST /api/v1/cvs/login HTTP/1.1" 200 1214 "-" "PostmanRuntime/7.29.0"
::1 - - [27/Jan/2022:09:27:07 +0000] "GET /api/v1/jobs/specials?select=salary&limit=8 HTTP/1.1" 500 112 "-" "PostmanRuntime/7.29.0"
::1 - - [28/Jan/2022:02:52:06 +0000] "GET /api/v1/jobs/specials?select=salary&limit=8 HTTP/1.1" 500 112 "-" "PostmanRuntime/7.29.0"
::1 - - [28/Jan/2022:02:55:18 +0000] "GET /api/v1/jobs/specials?select=salary&limit=8 HTTP/1.1" 500 172 "-" "PostmanRuntime/7.29.0"
::1 - - [28/Jan/2022:02:55:23 +0000] "POST /api/v1/cvs/login HTTP/1.1" 200 1214 "-" "PostmanRuntime/7.29.0"
::1 - - [28/Jan/2022:02:55:26 +0000] "GET /api/v1/jobs/specials?select=salary&limit=8 HTTP/1.1" 500 72 "-" "PostmanRuntime/7.29.0"
::1 - - [28/Jan/2022:02:56:21 +0000] "GET /api/v1/jobs/specials?select=salary&limit=8 HTTP/1.1" 500 172 "-" "PostmanRuntime/7.29.0"
::1 - - [28/Jan/2022:02:56:24 +0000] "POST /api/v1/cvs/login HTTP/1.1" 200 1214 "-" "PostmanRuntime/7.29.0"
::1 - - [28/Jan/2022:02:56:25 +0000] "GET /api/v1/jobs/specials?select=salary&limit=8 HTTP/1.1" 500 215 "-" "PostmanRuntime/7.29.0"
::1 - - [28/Jan/2022:02:57:03 +0000] "GET /api/v1/jobs/specials?select=salary&limit=8 HTTP/1.1" 500 172 "-" "PostmanRuntime/7.29.0"
::1 - - [28/Jan/2022:02:57:05 +0000] "POST /api/v1/cvs/login HTTP/1.1" 200 1214 "-" "PostmanRuntime/7.29.0"
::1 - - [28/Jan/2022:02:57:09 +0000] "GET /api/v1/jobs/specials?select=salary&limit=8 HTTP/1.1" 200 103 "-" "PostmanRuntime/7.29.0"
::1 - - [28/Jan/2022:02:57:50 +0000] "GET /api/v1/jobs/specials HTTP/1.1" 500 172 "-" "PostmanRuntime/7.29.0"
::1 - - [28/Jan/2022:02:57:54 +0000] "POST /api/v1/cvs/login HTTP/1.1" 200 1214 "-" "PostmanRuntime/7.29.0"
::1 - - [28/Jan/2022:02:57:57 +0000] "GET /api/v1/jobs/specials HTTP/1.1" 200 116 "-" "PostmanRuntime/7.29.0"
::1 - - [28/Jan/2022:02:58:50 +0000] "GET /api/v1/jobs/specials HTTP/1.1" 500 172 "-" "PostmanRuntime/7.29.0"
::1 - - [28/Jan/2022:02:58:56 +0000] "POST /api/v1/cvs/login HTTP/1.1" 200 1214 "-" "PostmanRuntime/7.29.0"
::1 - - [28/Jan/2022:02:58:59 +0000] "GET /api/v1/jobs/specials HTTP/1.1" 500 59 "-" "PostmanRuntime/7.29.0"
::1 - - [28/Jan/2022:02:59:26 +0000] "POST /api/v1/cvs/login HTTP/1.1" 200 1214 "-" "PostmanRuntime/7.29.0"
::1 - - [28/Jan/2022:02:59:28 +0000] "GET /api/v1/jobs/specials HTTP/1.1" 200 116 "-" "PostmanRuntime/7.29.0"
::1 - - [28/Jan/2022:03:00:06 +0000] "POST /api/v1/cvs/login HTTP/1.1" 200 1214 "-" "PostmanRuntime/7.29.0"
::1 - - [28/Jan/2022:03:00:10 +0000] "GET /api/v1/jobs/specials HTTP/1.1" 200 116 "-" "PostmanRuntime/7.29.0"
::1 - - [28/Jan/2022:03:01:44 +0000] "POST /api/v1/cvs/login HTTP/1.1" 200 1214 "-" "PostmanRuntime/7.29.0"
::1 - - [28/Jan/2022:03:01:47 +0000] "GET /api/v1/jobs/specials HTTP/1.1" 200 116 "-" "PostmanRuntime/7.29.0"
::1 - - [28/Jan/2022:03:03:00 +0000] "POST /api/v1/cvs/login HTTP/1.1" 200 1214 "-" "PostmanRuntime/7.29.0"
::1 - - [28/Jan/2022:03:03:02 +0000] "GET /api/v1/jobs/specials HTTP/1.1" 200 116 "-" "PostmanRuntime/7.29.0"
::1 - - [28/Jan/2022:03:04:25 +0000] "POST /api/v1/cvs/login HTTP/1.1" 200 1214 "-" "PostmanRuntime/7.29.0"
::1 - - [28/Jan/2022:03:04:27 +0000] "GET /api/v1/jobs/specials HTTP/1.1" 500 305 "-" "PostmanRuntime/7.29.0"
::1 - - [28/Jan/2022:03:05:03 +0000] "POST /api/v1/cvs/login HTTP/1.1" 200 1214 "-" "PostmanRuntime/7.29.0"
::1 - - [28/Jan/2022:03:05:05 +0000] "GET /api/v1/jobs/specials HTTP/1.1" 500 59 "-" "PostmanRuntime/7.29.0"
::1 - - [28/Jan/2022:03:05:27 +0000] "POST /api/v1/cvs/login HTTP/1.1" 200 1214 "-" "PostmanRuntime/7.29.0"
::1 - - [28/Jan/2022:03:05:30 +0000] "GET /api/v1/jobs/specials HTTP/1.1" 500 59 "-" "PostmanRuntime/7.29.0"
::1 - - [28/Jan/2022:03:05:46 +0000] "POST /api/v1/cvs/login HTTP/1.1" 200 1214 "-" "PostmanRuntime/7.29.0"
::1 - - [28/Jan/2022:03:05:48 +0000] "GET /api/v1/jobs/specials HTTP/1.1" 200 1963 "-" "PostmanRuntime/7.29.0"
::1 - - [28/Jan/2022:03:06:33 +0000] "GET /api/v1/jobs/specials HTTP/1.1" 500 172 "-" "PostmanRuntime/7.29.0"
::1 - - [28/Jan/2022:03:06:36 +0000] "POST /api/v1/cvs/login HTTP/1.1" 200 1214 "-" "PostmanRuntime/7.29.0"
::1 - - [28/Jan/2022:03:06:38 +0000] "GET /api/v1/jobs/specials HTTP/1.1" 200 1963 "-" "PostmanRuntime/7.29.0"
::1 - - [28/Jan/2022:03:07:24 +0000] "GET /api/v1/jobs/specials HTTP/1.1" 500 172 "-" "PostmanRuntime/7.29.0"
::1 - - [28/Jan/2022:03:07:27 +0000] "POST /api/v1/cvs/login HTTP/1.1" 200 1214 "-" "PostmanRuntime/7.29.0"
::1 - - [28/Jan/2022:03:07:29 +0000] "GET /api/v1/jobs/specials HTTP/1.1" 200 1951 "-" "PostmanRuntime/7.29.0"
::1 - - [28/Jan/2022:03:08:43 +0000] "POST /api/v1/cvs/login HTTP/1.1" 200 1214 "-" "PostmanRuntime/7.29.0"
::1 - - [28/Jan/2022:03:08:46 +0000] "GET /api/v1/jobs/specials HTTP/1.1" 200 1951 "-" "PostmanRuntime/7.29.0"
::1 - - [28/Jan/2022:03:10:44 +0000] "GET /api/v1/jobs/specials HTTP/1.1" 500 172 "-" "PostmanRuntime/7.29.0"
::1 - - [28/Jan/2022:03:10:47 +0000] "POST /api/v1/cvs/login HTTP/1.1" 200 1214 "-" "PostmanRuntime/7.29.0"
::1 - - [28/Jan/2022:03:10:49 +0000] "GET /api/v1/jobs/specials HTTP/1.1" 200 1951 "-" "PostmanRuntime/7.29.0"
::1 - - [28/Jan/2022:04:08:58 +0000] "POST /api/v1/profiles/login HTTP/1.1" 200 1193 "-" "PostmanRuntime/7.29.0"
::1 - - [28/Jan/2022:04:09:01 +0000] "POST /api/v1/jobs HTTP/1.1" 500 735 "-" "PostmanRuntime/7.29.0"
::1 - - [28/Jan/2022:04:09:17 +0000] "POST /api/v1/jobs HTTP/1.1" 500 631 "-" "PostmanRuntime/7.29.0"
::1 - - [28/Jan/2022:04:09:43 +0000] "POST /api/v1/profiles/login HTTP/1.1" 200 1193 "-" "PostmanRuntime/7.29.0"
::1 - - [28/Jan/2022:04:09:48 +0000] "POST /api/v1/jobs HTTP/1.1" 500 631 "-" "PostmanRuntime/7.29.0"
::1 - - [28/Jan/2022:04:11:44 +0000] "POST /api/v1/profiles/login HTTP/1.1" 200 1193 "-" "PostmanRuntime/7.29.0"
::1 - - [28/Jan/2022:04:12:46 +0000] "POST /api/v1/profiles/login HTTP/1.1" 200 1193 "-" "PostmanRuntime/7.29.0"
::1 - - [28/Jan/2022:04:12:56 +0000] "POST /api/v1/jobs HTTP/1.1" 200 1424 "-" "PostmanRuntime/7.29.0"
::1 - - [28/Jan/2022:04:14:06 +0000] "GET /api/v1/jobs/specials HTTP/1.1" 500 172 "-" "PostmanRuntime/7.29.0"
::1 - - [28/Jan/2022:04:14:09 +0000] "POST /api/v1/profiles/login HTTP/1.1" 200 1193 "-" "PostmanRuntime/7.29.0"
::1 - - [28/Jan/2022:04:14:11 +0000] "GET /api/v1/jobs/specials HTTP/1.1" 500 73 "-" "PostmanRuntime/7.29.0"
::1 - - [28/Jan/2022:04:38:28 +0000] "GET /api/v1/jobs/specials HTTP/1.1" 500 172 "-" "PostmanRuntime/7.29.0"
::1 - - [28/Jan/2022:04:38:31 +0000] "POST /api/v1/profiles/login HTTP/1.1" 200 1193 "-" "PostmanRuntime/7.29.0"
::1 - - [28/Jan/2022:04:38:33 +0000] "GET /api/v1/jobs/specials HTTP/1.1" 500 113 "-" "PostmanRuntime/7.29.0"
::1 - - [28/Jan/2022:04:39:00 +0000] "GET /api/v1/jobs/specials HTTP/1.1" 500 172 "-" "PostmanRuntime/7.29.0"
::1 - - [28/Jan/2022:04:39:02 +0000] "POST /api/v1/profiles/login HTTP/1.1" 200 1193 "-" "PostmanRuntime/7.29.0"
::1 - - [28/Jan/2022:04:39:04 +0000] "GET /api/v1/jobs/specials HTTP/1.1" 500 113 "-" "PostmanRuntime/7.29.0"
::1 - - [28/Jan/2022:04:43:20 +0000] "GET /api/v1/jobs/specials HTTP/1.1" 500 172 "-" "PostmanRuntime/7.29.0"
::1 - - [28/Jan/2022:04:43:22 +0000] "POST /api/v1/profiles/login HTTP/1.1" 200 1193 "-" "PostmanRuntime/7.29.0"
::1 - - [28/Jan/2022:04:43:28 +0000] "GET /api/v1/jobs/specials HTTP/1.1" 500 72 "-" "PostmanRuntime/7.29.0"
::1 - - [28/Jan/2022:04:44:57 +0000] "GET /api/v1/jobs/specials HTTP/1.1" 500 172 "-" "PostmanRuntime/7.29.0"
::1 - - [28/Jan/2022:04:45:00 +0000] "POST /api/v1/profiles/login HTTP/1.1" 200 1193 "-" "PostmanRuntime/7.29.0"
::1 - - [28/Jan/2022:04:45:01 +0000] "GET /api/v1/jobs/specials HTTP/1.1" 500 72 "-" "PostmanRuntime/7.29.0"
::1 - - [28/Jan/2022:04:45:45 +0000] "POST /api/v1/profiles/login HTTP/1.1" 200 1193 "-" "PostmanRuntime/7.29.0"
::1 - - [28/Jan/2022:04:45:47 +0000] "GET /api/v1/jobs/specials HTTP/1.1" 500 72 "-" "PostmanRuntime/7.29.0"
::1 - - [28/Jan/2022:06:08:12 +0000] "GET /api/v1/jobs/specials HTTP/1.1" 500 172 "-" "PostmanRuntime/7.29.0"
::1 - - [28/Jan/2022:06:08:15 +0000] "POST /api/v1/profiles/login HTTP/1.1" 200 1193 "-" "PostmanRuntime/7.29.0"
::1 - - [28/Jan/2022:06:08:47 +0000] "GET /api/v1/jobs/specials HTTP/1.1" 200 2503 "-" "PostmanRuntime/7.29.0"
::1 - - [28/Jan/2022:06:09:29 +0000] "POST /api/v1/profiles/login HTTP/1.1" 200 1193 "-" "PostmanRuntime/7.29.0"
::1 - - [28/Jan/2022:06:09:30 +0000] "GET /api/v1/jobs/specials HTTP/1.1" 200 2023 "-" "PostmanRuntime/7.29.0"
::1 - - [28/Jan/2022:06:10:18 +0000] "GET /api/v1/jobs/specials?select=salary HTTP/1.1" 500 172 "-" "PostmanRuntime/7.29.0"
::1 - - [28/Jan/2022:06:10:20 +0000] "POST /api/v1/profiles/login HTTP/1.1" 200 1193 "-" "PostmanRuntime/7.29.0"
::1 - - [28/Jan/2022:06:10:23 +0000] "GET /api/v1/jobs/specials?select=salary HTTP/1.1" 200 2023 "-" "PostmanRuntime/7.29.0"
::1 - - [28/Jan/2022:06:11:18 +0000] "GET /api/v1/jobs/specials?select=salary HTTP/1.1" 500 172 "-" "PostmanRuntime/7.29.0"
::1 - - [28/Jan/2022:06:11:20 +0000] "POST /api/v1/profiles/login HTTP/1.1" 200 1193 "-" "PostmanRuntime/7.29.0"
::1 - - [28/Jan/2022:06:11:22 +0000] "GET /api/v1/jobs/specials?select=salary HTTP/1.1" 500 113 "-" "PostmanRuntime/7.29.0"
::1 - - [28/Jan/2022:06:11:57 +0000] "GET /api/v1/jobs/specials?select=salary HTTP/1.1" 500 172 "-" "PostmanRuntime/7.29.0"
::1 - - [28/Jan/2022:06:12:00 +0000] "POST /api/v1/profiles/login HTTP/1.1" 200 1193 "-" "PostmanRuntime/7.29.0"
::1 - - [28/Jan/2022:06:12:02 +0000] "GET /api/v1/jobs/specials?select=salary HTTP/1.1" 200 2023 "-" "PostmanRuntime/7.29.0"
::1 - - [28/Jan/2022:06:13:03 +0000] "GET /api/v1/jobs/specials?sort=-createdAt HTTP/1.1" 500 172 "-" "PostmanRuntime/7.29.0"
::1 - - [28/Jan/2022:06:13:05 +0000] "POST /api/v1/profiles/login HTTP/1.1" 200 1193 "-" "PostmanRuntime/7.29.0"
::1 - - [28/Jan/2022:06:13:07 +0000] "GET /api/v1/jobs/specials?sort=-createdAt HTTP/1.1" 200 2023 "-" "PostmanRuntime/7.29.0"
::1 - - [28/Jan/2022:06:15:21 +0000] "GET /api/v1/jobs/specials?sort=-createdAt HTTP/1.1" 500 172 "-" "PostmanRuntime/7.29.0"
::1 - - [28/Jan/2022:06:15:23 +0000] "POST /api/v1/profiles/login HTTP/1.1" 200 1193 "-" "PostmanRuntime/7.29.0"
::1 - - [28/Jan/2022:06:15:25 +0000] "GET /api/v1/jobs/specials?sort=-createdAt HTTP/1.1" 200 2503 "-" "PostmanRuntime/7.29.0"
::1 - - [28/Jan/2022:06:27:36 +0000] "POST /api/v1/profiles/login HTTP/1.1" 200 1193 "-" "PostmanRuntime/7.29.0"
::1 - - [28/Jan/2022:06:27:37 +0000] "GET /api/v1/jobs/specials?sort=-createdAt HTTP/1.1" 500 72 "-" "PostmanRuntime/7.29.0"
::1 - - [28/Jan/2022:06:30:52 +0000] "GET /api/v1/jobs/specials?sort=-createdAt HTTP/1.1" 500 172 "-" "PostmanRuntime/7.29.0"
::1 - - [28/Jan/2022:06:30:54 +0000] "POST /api/v1/profiles/login HTTP/1.1" 200 1193 "-" "PostmanRuntime/7.29.0"
::1 - - [28/Jan/2022:06:30:57 +0000] "GET /api/v1/jobs/specials?sort=-createdAt HTTP/1.1" 200 2503 "-" "PostmanRuntime/7.29.0"
::1 - - [28/Jan/2022:06:31:34 +0000] "GET /api/v1/jobs/specials?select=createdAt HTTP/1.1" 500 172 "-" "PostmanRuntime/7.29.0"
::1 - - [28/Jan/2022:06:31:36 +0000] "POST /api/v1/profiles/login HTTP/1.1" 200 1193 "-" "PostmanRuntime/7.29.0"
::1 - - [28/Jan/2022:06:31:38 +0000] "GET /api/v1/jobs/specials?select=createdAt HTTP/1.1" 200 2503 "-" "PostmanRuntime/7.29.0"
::1 - - [28/Jan/2022:06:40:17 +0000] "GET /api/v1/jobs/specials?select=createdAt HTTP/1.1" 500 172 "-" "PostmanRuntime/7.29.0"
::1 - - [28/Jan/2022:06:40:20 +0000] "POST /api/v1/profiles/login HTTP/1.1" 200 1193 "-" "PostmanRuntime/7.29.0"
::1 - - [28/Jan/2022:06:40:21 +0000] "GET /api/v1/jobs/specials?select=createdAt HTTP/1.1" 500 72 "-" "PostmanRuntime/7.29.0"
::1 - - [28/Jan/2022:06:41:24 +0000] "GET /api/v1/jobs/specials HTTP/1.1" 500 172 "-" "PostmanRuntime/7.29.0"
::1 - - [28/Jan/2022:06:41:26 +0000] "POST /api/v1/profiles/login HTTP/1.1" 200 1193 "-" "PostmanRuntime/7.29.0"
::1 - - [28/Jan/2022:06:41:28 +0000] "GET /api/v1/jobs/specials HTTP/1.1" 500 72 "-" "PostmanRuntime/7.29.0"
::1 - - [28/Jan/2022:06:44:03 +0000] "GET /api/v1/jobs/specials HTTP/1.1" 500 172 "-" "PostmanRuntime/7.29.0"
::1 - - [28/Jan/2022:06:44:06 +0000] "POST /api/v1/profiles/login HTTP/1.1" 200 1193 "-" "PostmanRuntime/7.29.0"
::1 - - [28/Jan/2022:06:44:08 +0000] "GET /api/v1/jobs/specials HTTP/1.1" 200 4423 "-" "PostmanRuntime/7.29.0"
::1 - - [28/Jan/2022:06:46:26 +0000] "GET /api/v1/jobs/specials HTTP/1.1" 500 172 "-" "PostmanRuntime/7.29.0"
::1 - - [28/Jan/2022:06:46:30 +0000] "POST /api/v1/profiles/login HTTP/1.1" 200 1193 "-" "PostmanRuntime/7.29.0"
::1 - - [28/Jan/2022:06:46:32 +0000] "GET /api/v1/jobs/specials HTTP/1.1" 200 4423 "-" "PostmanRuntime/7.29.0"
::1 - - [28/Jan/2022:06:50:41 +0000] "GET /api/v1/jobs/61f36d480c09bf4e4c173ad9 HTTP/1.1" 500 86 "-" "PostmanRuntime/7.29.0"
::1 - - [28/Jan/2022:07:58:17 +0000] "GET /api/v1/jobs/61f36d480c09bf4e4c173ad9 HTTP/1.1" 200 502 "-" "PostmanRuntime/7.29.0"
::1 - - [28/Jan/2022:07:58:39 +0000] "GET /api/v1/jobs HTTP/1.1" 500 172 "-" "PostmanRuntime/7.29.0"
::1 - - [28/Jan/2022:07:58:43 +0000] "POST /api/v1/cvs/login HTTP/1.1" 200 1214 "-" "PostmanRuntime/7.29.0"
::1 - - [28/Jan/2022:07:58:47 +0000] "GET /api/v1/jobs HTTP/1.1" 200 2515 "-" "PostmanRuntime/7.29.0"
::1 - - [28/Jan/2022:07:59:15 +0000] "GET /api/v1/jobs HTTP/1.1" 500 172 "-" "PostmanRuntime/7.29.0"
::1 - - [28/Jan/2022:07:59:20 +0000] "GET /api/v1/jobs HTTP/1.1" 500 172 "-" "PostmanRuntime/7.29.0"
::1 - - [28/Jan/2022:07:59:25 +0000] "POST /api/v1/profiles/login HTTP/1.1" 200 1193 "-" "PostmanRuntime/7.29.0"
::1 - - [28/Jan/2022:07:59:27 +0000] "GET /api/v1/jobs HTTP/1.1" 200 4422 "-" "PostmanRuntime/7.29.0"
::1 - - [28/Jan/2022:08:00:02 +0000] "GET /api/v1/jobs/61f21b27fc13963c148ca7af HTTP/1.1" 200 503 "-" "PostmanRuntime/7.29.0"
::1 - - [28/Jan/2022:08:00:29 +0000] "GET /api/v1/jobs HTTP/1.1" 500 172 "-" "PostmanRuntime/7.29.0"
::1 - - [28/Jan/2022:08:00:32 +0000] "GET /api/v1/jobs HTTP/1.1" 500 172 "-" "PostmanRuntime/7.29.0"
::1 - - [28/Jan/2022:08:00:34 +0000] "POST /api/v1/profiles/login HTTP/1.1" 200 1193 "-" "PostmanRuntime/7.29.0"
::1 - - [28/Jan/2022:08:00:37 +0000] "GET /api/v1/jobs HTTP/1.1" 200 4422 "-" "PostmanRuntime/7.29.0"
::1 - - [28/Jan/2022:08:46:52 +0000] "GET /api/v1/jobs HTTP/1.1" 500 172 "-" "PostmanRuntime/7.29.0"
::1 - - [28/Jan/2022:08:46:55 +0000] "POST /api/v1/profiles/login HTTP/1.1" 200 1193 "-" "PostmanRuntime/7.29.0"
::1 - - [28/Jan/2022:08:46:57 +0000] "GET /api/v1/jobs HTTP/1.1" 200 4422 "-" "PostmanRuntime/7.29.0"
::1 - - [28/Jan/2022:08:47:49 +0000] "GET /api/v1/jobs HTTP/1.1" 500 172 "-" "PostmanRuntime/7.29.0"
::1 - - [28/Jan/2022:08:47:52 +0000] "POST /api/v1/profiles/login HTTP/1.1" 200 1193 "-" "PostmanRuntime/7.29.0"
::1 - - [28/Jan/2022:08:47:54 +0000] "GET /api/v1/jobs HTTP/1.1" 200 4422 "-" "PostmanRuntime/7.29.0"
::1 - - [28/Jan/2022:08:48:14 +0000] "GET /api/v1/jobs HTTP/1.1" 500 172 "-" "PostmanRuntime/7.29.0"
::1 - - [28/Jan/2022:08:48:17 +0000] "POST /api/v1/profiles/login HTTP/1.1" 200 1193 "-" "PostmanRuntime/7.29.0"
::1 - - [28/Jan/2022:08:48:19 +0000] "GET /api/v1/jobs HTTP/1.1" 200 4422 "-" "PostmanRuntime/7.29.0"
::1 - - [28/Jan/2022:08:48:53 +0000] "POST /api/v1/profiles/login HTTP/1.1" 200 1193 "-" "PostmanRuntime/7.29.0"
::1 - - [28/Jan/2022:08:48:55 +0000] "GET /api/v1/jobs HTTP/1.1" 200 4422 "-" "PostmanRuntime/7.29.0"
::1 - - [28/Jan/2022:08:49:21 +0000] "POST /api/v1/profiles/login HTTP/1.1" 200 1193 "-" "PostmanRuntime/7.29.0"
::1 - - [28/Jan/2022:08:49:23 +0000] "GET /api/v1/jobs HTTP/1.1" 200 4422 "-" "PostmanRuntime/7.29.0"
::1 - - [28/Jan/2022:08:50:01 +0000] "GET /api/v1/jobs HTTP/1.1" 500 172 "-" "PostmanRuntime/7.29.0"
::1 - - [28/Jan/2022:08:50:05 +0000] "POST /api/v1/profiles/login HTTP/1.1" 200 1193 "-" "PostmanRuntime/7.29.0"
::1 - - [28/Jan/2022:08:50:07 +0000] "GET /api/v1/jobs HTTP/1.1" 500 67 "-" "PostmanRuntime/7.29.0"
::1 - - [28/Jan/2022:08:50:31 +0000] "POST /api/v1/profiles/login HTTP/1.1" 200 1193 "-" "PostmanRuntime/7.29.0"
::1 - - [28/Jan/2022:08:50:35 +0000] "GET /api/v1/jobs HTTP/1.1" 500 62 "-" "PostmanRuntime/7.29.0"
::1 - - [28/Jan/2022:08:52:32 +0000] "POST /api/v1/profiles/login HTTP/1.1" 200 1193 "-" "PostmanRuntime/7.29.0"
::1 - - [28/Jan/2022:08:52:34 +0000] "GET /api/v1/jobs HTTP/1.1" 200 4422 "-" "PostmanRuntime/7.29.0"
::1 - - [31/Jan/2022:02:32:43 +0000] "GET /api/v1/jobs HTTP/1.1" 500 172 "-" "PostmanRuntime/7.29.0"
::1 - - [31/Jan/2022:02:32:49 +0000] "POST /api/v1/profiles/login HTTP/1.1" 200 1248 "-" "PostmanRuntime/7.29.0"
::1 - - [31/Jan/2022:02:32:51 +0000] "GET /api/v1/jobs HTTP/1.1" 200 4575 "-" "PostmanRuntime/7.29.0"
::1 - - [31/Jan/2022:02:34:39 +0000] "GET /api/v1/jobs/61f21b3ffc13963c148ca7be HTTP/1.1" 200 520 "-" "PostmanRuntime/7.29.0"
::1 - - [31/Jan/2022:02:35:02 +0000] "GET /api/v1/jobs/61f21b4bfc13963c148ca7c3 HTTP/1.1" 200 519 "-" "PostmanRuntime/7.29.0"
::1 - - [31/Jan/2022:02:48:09 +0000] "GET /api/v1/jobs/61f21b4bfc13963c148ca7c3 HTTP/1.1" 200 518 "-" "PostmanRuntime/7.29.0"
::1 - - [31/Jan/2022:02:48:23 +0000] "GET /api/v1/jobs HTTP/1.1" 500 172 "-" "PostmanRuntime/7.29.0"
::1 - - [31/Jan/2022:02:48:26 +0000] "POST /api/v1/profiles/login HTTP/1.1" 200 1248 "-" "PostmanRuntime/7.29.0"
::1 - - [31/Jan/2022:02:48:28 +0000] "GET /api/v1/jobs HTTP/1.1" 200 4573 "-" "PostmanRuntime/7.29.0"
::1 - - [31/Jan/2022:02:48:52 +0000] "GET /api/v1/jobs/61f21b27fc13963c148ca7af HTTP/1.1" 200 519 "-" "PostmanRuntime/7.29.0"
::1 - - [31/Jan/2022:02:50:12 +0000] "GET /api/v1/jobs/61f21b27fc13963c148ca7af HTTP/1.1" 200 520 "-" "PostmanRuntime/7.29.0"
::1 - - [31/Jan/2022:03:09:04 +0000] "GET /api/v1/profiles HTTP/1.1" 500 172 "-" "PostmanRuntime/7.29.0"
::1 - - [31/Jan/2022:03:09:07 +0000] "POST /api/v1/profiles/login HTTP/1.1" 200 1248 "-" "PostmanRuntime/7.29.0"
::1 - - [31/Jan/2022:03:09:09 +0000] "GET /api/v1/profiles HTTP/1.1" 403 155 "-" "PostmanRuntime/7.29.0"
::1 - - [31/Jan/2022:03:10:17 +0000] "POST /api/v1/cvs/login HTTP/1.1" 200 1214 "-" "PostmanRuntime/7.29.0"
::1 - - [31/Jan/2022:03:10:21 +0000] "GET /api/v1/profiles HTTP/1.1" 200 1059 "-" "PostmanRuntime/7.29.0"
::1 - - [31/Jan/2022:03:12:25 +0000] "GET /api/v1/profiles HTTP/1.1" 500 172 "-" "PostmanRuntime/7.29.0"
::1 - - [31/Jan/2022:03:12:34 +0000] "POST /api/v1/cvs/login HTTP/1.1" 200 1214 "-" "PostmanRuntime/7.29.0"
::1 - - [31/Jan/2022:03:12:36 +0000] "GET /api/v1/profiles HTTP/1.1" 200 1112 "-" "PostmanRuntime/7.29.0"
::1 - - [31/Jan/2022:03:13:05 +0000] "PUT /api/v1/profiles/61dfa668b5058c2d288a93ef/special HTTP/1.1" 500 172 "-" "PostmanRuntime/7.29.0"
::1 - - [31/Jan/2022:03:13:09 +0000] "POST /api/v1/profiles/login HTTP/1.1" 200 1301 "-" "PostmanRuntime/7.29.0"
::1 - - [31/Jan/2022:03:13:15 +0000] "PUT /api/v1/profiles/61dfa668b5058c2d288a93ef/special HTTP/1.1" 200 1045 "-" "PostmanRuntime/7.29.0"
::1 - - [31/Jan/2022:03:13:37 +0000] "PUT /api/v1/profiles/61dfa668b5058c2d288a93ef/special HTTP/1.1" 500 172 "-" "PostmanRuntime/7.29.0"
::1 - - [31/Jan/2022:03:13:42 +0000] "POST /api/v1/profiles/login HTTP/1.1" 200 1301 "-" "PostmanRuntime/7.29.0"
::1 - - [31/Jan/2022:03:13:49 +0000] "PUT /api/v1/profiles/61dfa668b5058c2d288a93ef/special HTTP/1.1" 200 1045 "-" "PostmanRuntime/7.29.0"
::1 - - [31/Jan/2022:03:14:24 +0000] "GET /api/v1/profiles/61dfa668b5058c2d288a93ef HTTP/1.1" 500 172 "-" "PostmanRuntime/7.29.0"
::1 - - [31/Jan/2022:03:14:36 +0000] "POST /api/v1/cvs/login HTTP/1.1" 200 1214 "-" "PostmanRuntime/7.29.0"
::1 - - [31/Jan/2022:03:14:44 +0000] "GET /api/v1/profiles/61dfa668b5058c2d288a93ef HTTP/1.1" 200 1041 "-" "PostmanRuntime/7.29.0"
::1 - - [31/Jan/2022:03:43:49 +0000] "GET /api/v1/profiles/61dfa668b5058c2d288a93ef HTTP/1.1" 500 172 "-" "PostmanRuntime/7.29.0"
::1 - - [31/Jan/2022:03:43:53 +0000] "POST /api/v1/profiles/login HTTP/1.1" 200 1301 "-" "PostmanRuntime/7.29.0"
::1 - - [31/Jan/2022:03:43:55 +0000] "GET /api/v1/profiles/61dfa668b5058c2d288a93ef HTTP/1.1" 403 155 "-" "PostmanRuntime/7.29.0"
::1 - - [31/Jan/2022:03:43:59 +0000] "POST /api/v1/cvs/login HTTP/1.1" 200 1214 "-" "PostmanRuntime/7.29.0"
::1 - - [31/Jan/2022:03:44:05 +0000] "GET /api/v1/profiles/61dfa668b5058c2d288a93ef HTTP/1.1" 200 1041 "-" "PostmanRuntime/7.29.0"
::1 - - [31/Jan/2022:03:44:34 +0000] "PUT /api/v1/profiles/61dfa668b5058c2d288a93ef/urgent HTTP/1.1" 500 172 "-" "PostmanRuntime/7.29.0"
::1 - - [31/Jan/2022:03:44:40 +0000] "POST /api/v1/profiles/login HTTP/1.1" 200 1301 "-" "PostmanRuntime/7.29.0"
::1 - - [31/Jan/2022:03:44:45 +0000] "PUT /api/v1/profiles/61dfa668b5058c2d288a93ef/urgent HTTP/1.1" 200 1045 "-" "PostmanRuntime/7.29.0"
::1 - - [31/Jan/2022:03:46:24 +0000] "PUT /api/v1/jobs/61ee69bfa50e6d4550415673/urgent HTTP/1.1" 500 172 "-" "PostmanRuntime/7.29.0"
::1 - - [31/Jan/2022:03:46:29 +0000] "POST /api/v1/profiles/login HTTP/1.1" 200 1301 "-" "PostmanRuntime/7.29.0"
::1 - - [31/Jan/2022:03:46:33 +0000] "PUT /api/v1/jobs/61ee69bfa50e6d4550415673/urgent HTTP/1.1" 400 126 "-" "PostmanRuntime/7.29.0"
::1 - - [31/Jan/2022:03:46:47 +0000] "GET /api/v1/jobs HTTP/1.1" 500 172 "-" "PostmanRuntime/7.29.0"
::1 - - [31/Jan/2022:03:46:53 +0000] "POST /api/v1/profiles/login HTTP/1.1" 200 1301 "-" "PostmanRuntime/7.29.0"
::1 - - [31/Jan/2022:03:46:55 +0000] "GET /api/v1/jobs HTTP/1.1" 200 4573 "-" "PostmanRuntime/7.29.0"
::1 - - [31/Jan/2022:03:47:53 +0000] "GET /api/v1/jobs/61f21b33fc13963c148ca7b4 HTTP/1.1" 200 519 "-" "PostmanRuntime/7.29.0"
::1 - - [31/Jan/2022:03:48:15 +0000] "PUT /api/v1/jobs/61f21b33fc13963c148ca7b4/special HTTP/1.1" 500 172 "-" "PostmanRuntime/7.29.0"
::1 - - [31/Jan/2022:03:48:25 +0000] "POST /api/v1/profiles/login HTTP/1.1" 200 1301 "-" "PostmanRuntime/7.29.0"
::1 - - [31/Jan/2022:03:48:30 +0000] "PUT /api/v1/jobs/61f21b33fc13963c148ca7b4/special HTTP/1.1" 200 1547 "-" "PostmanRuntime/7.29.0"
::1 - - [31/Jan/2022:06:13:45 +0000] "POST /api/v1/shares/61ea3c6a494b300a6cbeea07 HTTP/1.1" 200 177 "-" "PostmanRuntime/7.29.0"
::1 - - [31/Jan/2022:06:30:01 +0000] "DELETE /api/v1/shares/61f77e1976c66729a4334307 HTTP/1.1" 500 172 "-" "PostmanRuntime/7.29.0"
::1 - - [31/Jan/2022:06:30:11 +0000] "POST /api/v1/profiles/login HTTP/1.1" 200 1301 "-" "PostmanRuntime/7.29.0"
::1 - - [31/Jan/2022:06:30:14 +0000] "PUT /api/v1/posts/61ee52bf90cfb03d7405742c/boost HTTP/1.1" 500 88 "-" "PostmanRuntime/7.29.0"
::1 - - [31/Jan/2022:06:30:33 +0000] "DELETE /api/v1/shares/61f77e1976c66729a4334307 HTTP/1.1" 500 172 "-" "PostmanRuntime/7.29.0"
::1 - - [31/Jan/2022:06:30:36 +0000] "POST /api/v1/profiles/login HTTP/1.1" 200 1301 "-" "PostmanRuntime/7.29.0"
::1 - - [31/Jan/2022:06:30:42 +0000] "DELETE /api/v1/shares/61f77e1976c66729a4334307 HTTP/1.1" 403 155 "-" "PostmanRuntime/7.29.0"
::1 - - [31/Jan/2022:06:30:47 +0000] "POST /api/v1/cvs/login HTTP/1.1" 200 1214 "-" "PostmanRuntime/7.29.0"
::1 - - [31/Jan/2022:06:30:54 +0000] "DELETE /api/v1/shares/61f77e1976c66729a4334307 HTTP/1.1" 200 177 "-" "PostmanRuntime/7.29.0"
::1 - - [31/Jan/2022:09:57:47 +0000] "POST /api/v1/jobs HTTP/1.1" 500 88 "-" "PostmanRuntime/7.29.0"
::1 - - [01/Feb/2022:03:41:14 +0000] "GET /api/v1/jobs HTTP/1.1" 200 4571 "-" "PostmanRuntime/7.29.0"
::1 - - [01/Feb/2022:03:41:33 +0000] "GET /api/v1/jobs/61f21b27fc13963c148ca7af HTTP/1.1" 200 520 "-" "PostmanRuntime/7.29.0"
::1 - - [01/Feb/2022:03:43:29 +0000] "GET /api/v1/jobs/61f21b27fc13963c148ca7af HTTP/1.1" 200 520 "-" "PostmanRuntime/7.29.0"
::1 - - [01/Feb/2022:03:43:43 +0000] "POST /api/v1/jobs HTTP/1.1" 500 88 "-" "PostmanRuntime/7.29.0"
::1 - - [01/Feb/2022:03:43:48 +0000] "POST /api/v1/profiles/login HTTP/1.1" 200 1301 "-" "PostmanRuntime/7.29.0"
::1 - - [01/Feb/2022:03:43:57 +0000] "POST /api/v1/jobs HTTP/1.1" 200 1549 "-" "PostmanRuntime/7.29.0"
::1 - - [01/Feb/2022:03:44:06 +0000] "GET /api/v1/jobs/61f8ac7c0368703be8dcf3fd HTTP/1.1" 200 518 "-" "PostmanRuntime/7.29.0"
::1 - - [04/Feb/2022:05:09:41 +0000] "POST /api/v1/cvs/login HTTP/1.1" 200 1214 "-" "PostmanRuntime/7.29.0"
::1 - - [04/Feb/2022:05:11:50 +0000] "GET /api/v1/cvs/61e12fdbe17eef089cfa96e6 HTTP/1.1" 200 940 "-" "PostmanRuntime/7.29.0"
::1 - - [04/Feb/2022:05:14:41 +0000] "PUT /api/v1/jobs/61e12fdbe17eef089cfa96e6/point HTTP/1.1" 404 181 "-" "PostmanRuntime/7.29.0"
::1 - - [04/Feb/2022:05:14:53 +0000] "PUT /api/v1/cvs/61e12fdbe17eef089cfa96e6/point HTTP/1.1" 500 172 "-" "PostmanRuntime/7.29.0"
::1 - - [04/Feb/2022:05:14:56 +0000] "POST /api/v1/cvs/login HTTP/1.1" 200 1214 "-" "PostmanRuntime/7.29.0"
::1 - - [04/Feb/2022:05:15:02 +0000] "PUT /api/v1/cvs/61e12fdbe17eef089cfa96e6/point HTTP/1.1" 200 940 "-" "PostmanRuntime/7.29.0"
::1 - - [04/Feb/2022:05:15:34 +0000] "PUT /api/v1/cvs/point HTTP/1.1" 500 172 "-" "PostmanRuntime/7.29.0"
::1 - - [04/Feb/2022:05:15:37 +0000] "POST /api/v1/cvs/login HTTP/1.1" 200 1214 "-" "PostmanRuntime/7.29.0"
::1 - - [04/Feb/2022:05:15:44 +0000] "PUT /api/v1/cvs/point HTTP/1.1" 500 236 "-" "PostmanRuntime/7.29.0"
::1 - - [04/Feb/2022:05:16:02 +0000] "POST /api/v1/cvs/login HTTP/1.1" 200 1214 "-" "PostmanRuntime/7.29.0"
::1 - - [04/Feb/2022:05:16:06 +0000] "PUT /api/v1/cvs/61e12fdbe17eef089cfa96e6/point HTTP/1.1" 200 940 "-" "PostmanRuntime/7.29.0"
::1 - - [04/Feb/2022:05:17:10 +0000] "POST /api/v1/cvs/login HTTP/1.1" 200 1214 "-" "PostmanRuntime/7.29.0"
::1 - - [04/Feb/2022:05:17:17 +0000] "PUT /api/v1/cvs/61e12fdbe17eef089cfa96e6/point HTTP/1.1" 200 940 "-" "PostmanRuntime/7.29.0"
::1 - - [04/Feb/2022:05:17:40 +0000] "POST /api/v1/cvs/login HTTP/1.1" 200 1214 "-" "PostmanRuntime/7.29.0"
::1 - - [04/Feb/2022:05:17:45 +0000] "PUT /api/v1/cvs/61e12fdbe17eef089cfa96e6/point HTTP/1.1" 200 940 "-" "PostmanRuntime/7.29.0"
::1 - - [04/Feb/2022:05:18:33 +0000] "POST /api/v1/cvs/login HTTP/1.1" 200 1214 "-" "PostmanRuntime/7.29.0"
::1 - - [04/Feb/2022:05:18:36 +0000] "PUT /api/v1/cvs/61e12fdbe17eef089cfa96e6/point HTTP/1.1" 200 940 "-" "PostmanRuntime/7.29.0"
::1 - - [04/Feb/2022:05:19:08 +0000] "POST /api/v1/cvs/login HTTP/1.1" 200 1214 "-" "PostmanRuntime/7.29.0"
::1 - - [04/Feb/2022:05:19:11 +0000] "PUT /api/v1/cvs/61e12fdbe17eef089cfa96e6/point HTTP/1.1" 200 940 "-" "PostmanRuntime/7.29.0"
::1 - - [04/Feb/2022:05:24:28 +0000] "POST /api/v1/profiles/login HTTP/1.1" 200 1301 "-" "PostmanRuntime/7.29.0"
::1 - - [04/Feb/2022:05:24:47 +0000] "PUT /api/v1/profiles/61dfa668b5058c2d288a93ef/point HTTP/1.1" 200 1042 "-" "PostmanRuntime/7.29.0"
::1 - - [04/Feb/2022:05:24:57 +0000] "PUT /api/v1/profiles/61dfa668b5058c2d288a93ef/point HTTP/1.1" 500 172 "-" "PostmanRuntime/7.29.0"
::1 - - [04/Feb/2022:05:25:01 +0000] "POST /api/v1/cvs/login HTTP/1.1" 200 1214 "-" "PostmanRuntime/7.29.0"
::1 - - [04/Feb/2022:05:25:07 +0000] "PUT /api/v1/profiles/61dfa668b5058c2d288a93ef/point HTTP/1.1" 500 88 "-" "PostmanRuntime/7.29.0"
::1 - - [04/Feb/2022:05:25:19 +0000] "POST /api/v1/profiles/login HTTP/1.1" 200 1301 "-" "PostmanRuntime/7.29.0"
::1 - - [04/Feb/2022:05:25:22 +0000] "PUT /api/v1/profiles/61dfa668b5058c2d288a93ef/point HTTP/1.1" 200 1042 "-" "PostmanRuntime/7.29.0"
::1 - - [04/Feb/2022:08:11:31 +0000] "POST /api/v1/cvs HTTP/1.1" 500 457 "-" "PostmanRuntime/7.29.0"
::1 - - [04/Feb/2022:08:11:40 +0000] "POST /api/v1/cvs HTTP/1.1" 500 251 "-" "PostmanRuntime/7.29.0"
::1 - - [04/Feb/2022:08:12:02 +0000] "POST /api/v1/cvs HTTP/1.1" 200 813 "-" "PostmanRuntime/7.29.0"
::1 - - [04/Feb/2022:08:57:49 +0000] "PUT /api/v1/jobs/61f21b33fc13963c148ca7b4/special HTTP/1.1" 500 172 "-" "PostmanRuntime/7.29.0"
::1 - - [04/Feb/2022:08:57:53 +0000] "POST /api/v1/cvs/login HTTP/1.1" 200 1199 "-" "PostmanRuntime/7.29.0"
::1 - - [04/Feb/2022:08:58:06 +0000] "PUT /api/v1/jobs/61f21b33fc13963c148ca7b4/special HTTP/1.1" 400 99 "-" "PostmanRuntime/7.29.0"
::1 - - [04/Feb/2022:08:58:18 +0000] "PUT /api/v1/jobs/61f21b33fc13963c148ca7b4/point HTTP/1.1" 404 181 "-" "PostmanRuntime/7.29.0"
::1 - - [04/Feb/2022:08:58:36 +0000] "POST /api/v1/cvs/login HTTP/1.1" 200 1199 "-" "PostmanRuntime/7.29.0"
::1 - - [04/Feb/2022:08:59:06 +0000] "PUT /api/v1/cvs/61e12fdbe17eef089cfa96e6/point HTTP/1.1" 200 925 "-" "PostmanRuntime/7.29.0"
::1 - - [04/Feb/2022:08:59:59 +0000] "POST /api/v1/profiles/login HTTP/1.1" 200 1301 "-" "PostmanRuntime/7.29.0"
::1 - - [05/Feb/2022:06:48:23 +0000] "GET /api/v1/cvs HTTP/1.1" 200 4539 "-" "PostmanRuntime/7.29.0"
::1 - - [05/Feb/2022:06:48:40 +0000] "GET /api/v1/cvs/61e12fdbe17eef089cfa96e6 HTTP/1.1" 500 172 "-" "PostmanRuntime/7.29.0"
::1 - - [05/Feb/2022:06:48:44 +0000] "POST /api/v1/cvs/login HTTP/1.1" 200 1199 "-" "PostmanRuntime/7.29.0"
::1 - - [05/Feb/2022:06:48:46 +0000] "GET /api/v1/cvs/61e12fdbe17eef089cfa96e6 HTTP/1.1" 200 925 "-" "PostmanRuntime/7.29.0"
